#
# There is insufficient memory for the Java Runtime Environment to continue.
# Native memory allocation (malloc) failed to allocate 1534416 bytes. Error detail: Chunk::new
# Possible reasons:
#   The system is out of physical RAM or swap space
#   This process is running with CompressedOops enabled, and the Java Heap may be blocking the growth of the native heap
# Possible solutions:
#   Reduce memory load on the system
#   Increase physical memory or swap space
#   Check if swap backing store is full
#   Decrease Java heap size (-Xmx/-Xms)
#   Decrease number of Java threads
#   Decrease Java thread stack sizes (-Xss)
#   Set larger code cache with -XX:ReservedCodeCacheSize=
#   JVM is running with Unscaled Compressed Oops mode in which the Java heap is
#     placed in the first 4GB address space. The Java Heap base address is the
#     maximum limit for the native heap growth. Please use -XX:HeapBaseMinAddress
#     to set the Java Heap base and to place the Java Heap above 4GB virtual address.
# This output file may be truncated or incomplete.
#
#  Out of Memory Error (arena.cpp:168), pid=22728, tid=27076
#
# JRE version: OpenJDK Runtime Environment (21.0.3) (build 21.0.3+-12282718-b509.11)
# Java VM: OpenJDK 64-Bit Server VM (21.0.3+-12282718-b509.11, mixed mode, tiered, compressed oops, compressed class ptrs, g1 gc, windows-amd64)
# No core dump will be written. Minidumps are not enabled by default on client versions of Windows
#

---------------  S U M M A R Y ------------

Command Line: --add-opens=java.base/java.util=ALL-UNNAMED --add-opens=java.base/java.lang=ALL-UNNAMED --add-opens=java.base/java.lang.invoke=ALL-UNNAMED --add-opens=java.prefs/java.util.prefs=ALL-UNNAMED --add-exports=jdk.compiler/com.sun.tools.javac.api=ALL-UNNAMED --add-exports=jdk.compiler/com.sun.tools.javac.util=ALL-UNNAMED --add-opens=java.base/java.nio.charset=ALL-UNNAMED --add-opens=java.base/java.net=ALL-UNNAMED --add-opens=java.base/java.util.concurrent.atomic=ALL-UNNAMED -Xmx2048m -Dfile.encoding=UTF-8 -Duser.country=IL -Duser.language=he -Duser.variant -javaagent:C:\Users\yuval\.gradle\wrapper\dists\gradle-8.9-bin\90cnw93cvbtalezasaz0blq0a\gradle-8.9\lib\agents\gradle-instrumentation-agent-8.9.jar org.gradle.launcher.daemon.bootstrap.GradleDaemon 8.9

Host: AMD Ryzen 5 3450U with Radeon Vega Mobile Gfx  , 8 cores, 5G,  Windows 11 , 64 bit Build 26100 (10.0.26100.2454)
Time: Mon Jan 20 16:54:24 2025  Windows 11 , 64 bit Build 26100 (10.0.26100.2454) elapsed time: 11.530948 seconds (0d 0h 0m 11s)

---------------  T H R E A D  ---------------

Current thread (0x000001dc6c0a5380):  JavaThread "C2 CompilerThread1" daemon [_thread_in_native, id=27076, stack(0x000000bac9a00000,0x000000bac9b00000) (1024K)]


Current CompileTask:
C2:  11531 2696   !   4       java.lang.ClassLoader::loadClass (121 bytes)

Stack: [0x000000bac9a00000,0x000000bac9b00000]
Native frames: (J=compiled Java code, j=interpreted, Vv=VM code, C=native code)
V  [jvm.dll+0x6cafb9]
V  [jvm.dll+0x858523]
V  [jvm.dll+0x85aa7e]
V  [jvm.dll+0x85b163]
V  [jvm.dll+0x27d356]
V  [jvm.dll+0xbf93d]
V  [jvm.dll+0xbfe73]
V  [jvm.dll+0x3b1cb1]
V  [jvm.dll+0x37e787]
V  [jvm.dll+0x37dbfa]
V  [jvm.dll+0x246b02]
V  [jvm.dll+0x2460d1]
V  [jvm.dll+0x1c5804]
V  [jvm.dll+0x25575c]
V  [jvm.dll+0x253c36]
V  [jvm.dll+0x3ec996]
V  [jvm.dll+0x800d78]
V  [jvm.dll+0x6c98cd]
C  [ucrtbase.dll+0x14ea0]
C  [KERNEL32.DLL+0x2e8d7]
C  [ntdll.dll+0xdfbcc]


---------------  P R O C E S S  ---------------

Threads class SMR info:
_java_thread_list=0x000001dc6c94e190, length=25, elements={
0x000001dc4fd3e9b0, 0x000001dc675d9390, 0x000001dc675dbe00, 0x000001dc675e51f0,
0x000001dc675f5ec0, 0x000001dc675bded0, 0x000001dc675c6a70, 0x000001dc675fce90,
0x000001dc675fd930, 0x000001dc677080d0, 0x000001dc6c0ac2e0, 0x000001dc6d98a3a0,
0x000001dc6d82f470, 0x000001dc6db6e0b0, 0x000001dc6d9415a0, 0x000001dc6d93d960,
0x000001dc6d9601e0, 0x000001dc6dae5de0, 0x000001dc6dae7820, 0x000001dc6dae6470,
0x000001dc6dae7eb0, 0x000001dc6c0a5380, 0x000001dc6dae5750, 0x000001dc6dae50c0,
0x000001dc6dae8540
}

Java Threads: ( => current thread )
  0x000001dc4fd3e9b0 JavaThread "main"                              [_thread_blocked, id=26292, stack(0x000000bac7600000,0x000000bac7700000) (1024K)]
  0x000001dc675d9390 JavaThread "Reference Handler"          daemon [_thread_blocked, id=16408, stack(0x000000bac7e00000,0x000000bac7f00000) (1024K)]
  0x000001dc675dbe00 JavaThread "Finalizer"                  daemon [_thread_blocked, id=27312, stack(0x000000bac7f00000,0x000000bac8000000) (1024K)]
  0x000001dc675e51f0 JavaThread "Signal Dispatcher"          daemon [_thread_blocked, id=26268, stack(0x000000bac8000000,0x000000bac8100000) (1024K)]
  0x000001dc675f5ec0 JavaThread "Attach Listener"            daemon [_thread_blocked, id=18088, stack(0x000000bac8100000,0x000000bac8200000) (1024K)]
  0x000001dc675bded0 JavaThread "Service Thread"             daemon [_thread_blocked, id=20944, stack(0x000000bac8200000,0x000000bac8300000) (1024K)]
  0x000001dc675c6a70 JavaThread "Monitor Deflation Thread"   daemon [_thread_blocked, id=17456, stack(0x000000bac8300000,0x000000bac8400000) (1024K)]
  0x000001dc675fce90 JavaThread "C2 CompilerThread0"         daemon [_thread_in_native, id=25216, stack(0x000000bac8400000,0x000000bac8500000) (1024K)]
  0x000001dc675fd930 JavaThread "C1 CompilerThread0"         daemon [_thread_blocked, id=8156, stack(0x000000bac8500000,0x000000bac8600000) (1024K)]
  0x000001dc677080d0 JavaThread "Common-Cleaner"             daemon [_thread_blocked, id=10460, stack(0x000000bac8600000,0x000000bac8700000) (1024K)]
  0x000001dc6c0ac2e0 JavaThread "Notification Thread"        daemon [_thread_blocked, id=18300, stack(0x000000bac8700000,0x000000bac8800000) (1024K)]
  0x000001dc6d98a3a0 JavaThread "Daemon health stats"               [_thread_blocked, id=15888, stack(0x000000bac8900000,0x000000bac8a00000) (1024K)]
  0x000001dc6d82f470 JavaThread "Incoming local TCP Connector on port 52877"        [_thread_in_native, id=10088, stack(0x000000bac8e00000,0x000000bac8f00000) (1024K)]
  0x000001dc6db6e0b0 JavaThread "Daemon periodic checks"            [_thread_blocked, id=25828, stack(0x000000bac9200000,0x000000bac9300000) (1024K)]
  0x000001dc6d9415a0 JavaThread "Daemon"                            [_thread_blocked, id=21660, stack(0x000000bac8800000,0x000000bac8900000) (1024K)]
  0x000001dc6d93d960 JavaThread "Handler for socket connection from /127.0.0.1:52877 to /127.0.0.1:52878"        [_thread_in_native, id=7120, stack(0x000000bac9300000,0x000000bac9400000) (1024K)]
  0x000001dc6d9601e0 JavaThread "Cancel handler"                    [_thread_blocked, id=17288, stack(0x000000bac9400000,0x000000bac9500000) (1024K)]
  0x000001dc6dae5de0 JavaThread "Daemon worker"                     [_thread_in_vm, id=3884, stack(0x000000bac9500000,0x000000bac9600000) (1024K)]
  0x000001dc6dae7820 JavaThread "Asynchronous log dispatcher for DefaultDaemonConnection: socket connection from /127.0.0.1:52877 to /127.0.0.1:52878"        [_thread_blocked, id=8764, stack(0x000000bac9600000,0x000000bac9700000) (1024K)]
  0x000001dc6dae6470 JavaThread "Stdin handler"                     [_thread_blocked, id=19836, stack(0x000000bac9700000,0x000000bac9800000) (1024K)]
  0x000001dc6dae7eb0 JavaThread "Daemon client event forwarder"        [_thread_blocked, id=18604, stack(0x000000bac9800000,0x000000bac9900000) (1024K)]
=>0x000001dc6c0a5380 JavaThread "C2 CompilerThread1"         daemon [_thread_in_native, id=27076, stack(0x000000bac9a00000,0x000000bac9b00000) (1024K)]
  0x000001dc6dae5750 JavaThread "Cache worker for journal cache (C:\Users\yuval\.gradle\caches\journal-1)"        [_thread_blocked, id=6372, stack(0x000000bac9b00000,0x000000bac9c00000) (1024K)]
  0x000001dc6dae50c0 JavaThread "File lock request listener"        [_thread_in_native, id=18776, stack(0x000000bac9c00000,0x000000bac9d00000) (1024K)]
  0x000001dc6dae8540 JavaThread "Cache worker for file hash cache (C:\Users\yuval\.gradle\caches\8.9\fileHashes)"        [_thread_blocked, id=7332, stack(0x000000bac9d00000,0x000000bac9e00000) (1024K)]
Total: 25

Other Threads:
  0x000001dc674058e0 VMThread "VM Thread"                           [id=28364, stack(0x000000bac7d00000,0x000000bac7e00000) (1024K)]
  0x000001dc6739f6a0 WatcherThread "VM Periodic Task Thread"        [id=25364, stack(0x000000bac7c00000,0x000000bac7d00000) (1024K)]
  0x000001dc4fd93eb0 WorkerThread "GC Thread#0"                     [id=27176, stack(0x000000bac7700000,0x000000bac7800000) (1024K)]
  0x000001dc6c2f9f10 WorkerThread "GC Thread#1"                     [id=3444, stack(0x000000bac8a00000,0x000000bac8b00000) (1024K)]
  0x000001dc6c521480 WorkerThread "GC Thread#2"                     [id=22388, stack(0x000000bac8b00000,0x000000bac8c00000) (1024K)]
  0x000001dc6c97e540 WorkerThread "GC Thread#3"                     [id=27392, stack(0x000000bac8c00000,0x000000bac8d00000) (1024K)]
  0x000001dc6d1038f0 WorkerThread "GC Thread#4"                     [id=28216, stack(0x000000bac8d00000,0x000000bac8e00000) (1024K)]
  0x000001dc6d96aea0 WorkerThread "GC Thread#5"                     [id=15936, stack(0x000000bac8f00000,0x000000bac9000000) (1024K)]
  0x000001dc6d928d20 WorkerThread "GC Thread#6"                     [id=1464, stack(0x000000bac9000000,0x000000bac9100000) (1024K)]
  0x000001dc6d929110 WorkerThread "GC Thread#7"                     [id=22432, stack(0x000000bac9100000,0x000000bac9200000) (1024K)]
  0x000001dc4fda5be0 ConcurrentGCThread "G1 Main Marker"            [id=26316, stack(0x000000bac7800000,0x000000bac7900000) (1024K)]
  0x000001dc4fda7da0 WorkerThread "G1 Conc#0"                       [id=18704, stack(0x000000bac7900000,0x000000bac7a00000) (1024K)]
  0x000001dc6d92aa70 WorkerThread "G1 Conc#1"                       [id=2216, stack(0x000000bac9900000,0x000000bac9a00000) (1024K)]
  0x000001dc4fdfe950 ConcurrentGCThread "G1 Refine#0"               [id=24896, stack(0x000000bac7a00000,0x000000bac7b00000) (1024K)]
  0x000001dc6726d670 ConcurrentGCThread "G1 Service"                [id=8368, stack(0x000000bac7b00000,0x000000bac7c00000) (1024K)]
Total: 15

Threads with active compile tasks:
C2 CompilerThread0    11621 2773       4       java.lang.invoke.MethodType::makeImpl (109 bytes)
C2 CompilerThread1    11621 2696   !   4       java.lang.ClassLoader::loadClass (121 bytes)
Total: 2

VM state: not at safepoint (normal execution)

VM Mutex/Monitor currently owned by a thread: None

Heap address: 0x0000000080000000, size: 2048 MB, Compressed Oops mode: 32-bit

CDS archive(s) not mapped
Compressed class space mapped at: 0x0000000100000000-0x0000000140000000, reserved size: 1073741824
Narrow klass base: 0x0000000000000000, Narrow klass shift: 3, Narrow klass range: 0x140000000

GC Precious Log:
 CardTable entry size: 512
 Card Set container configuration: InlinePtr #cards 5 size 8 Array Of Cards #cards 12 size 40 Howl #buckets 4 coarsen threshold 1843 Howl Bitmap #cards 512 size 80 coarsen threshold 460 Card regions per heap region 1 cards per card region 2048
 CPUs: 8 total, 8 available
 Memory: 6060M
 Large Page Support: Disabled
 NUMA Support: Disabled
 Compressed Oops: Enabled (32-bit)
 Heap Region Size: 1M
 Heap Min Capacity: 8M
 Heap Initial Capacity: 96M
 Heap Max Capacity: 2G
 Pre-touch: Disabled
 Parallel Workers: 8
 Concurrent Workers: 2
 Concurrent Refinement Workers: 8
 Periodic GC: Disabled

Heap:
 garbage-first heap   total 81920K, used 53895K [0x0000000080000000, 0x0000000100000000)
  region size 1024K, 35 young (35840K), 2 survivors (2048K)
 Metaspace       used 27158K, committed 27648K, reserved 1114112K
  class space    used 3363K, committed 3584K, reserved 1048576K

Heap Regions: E=young(eden), S=young(survivor), O=old, HS=humongous(starts), HC=humongous(continues), CS=collection set, F=free, TAMS=top-at-mark-start, PB=parsable bottom
|   0|0x0000000080000000, 0x0000000080100000, 0x0000000080100000|100%|HS|  |TAMS 0x0000000080000000| PB 0x0000000080000000| Complete 
|   1|0x0000000080100000, 0x0000000080200000, 0x0000000080200000|100%|HC|  |TAMS 0x0000000080100000| PB 0x0000000080100000| Complete 
|   2|0x0000000080200000, 0x0000000080300000, 0x0000000080300000|100%|HC|  |TAMS 0x0000000080200000| PB 0x0000000080200000| Complete 
|   3|0x0000000080300000, 0x0000000080400000, 0x0000000080400000|100%|HC|  |TAMS 0x0000000080300000| PB 0x0000000080300000| Complete 
|   4|0x0000000080400000, 0x0000000080500000, 0x0000000080500000|100%| O|  |TAMS 0x0000000080400000| PB 0x0000000080400000| Untracked 
|   5|0x0000000080500000, 0x0000000080600000, 0x0000000080600000|100%| O|  |TAMS 0x0000000080500000| PB 0x0000000080500000| Untracked 
|   6|0x0000000080600000, 0x0000000080700000, 0x0000000080700000|100%| O|  |TAMS 0x0000000080600000| PB 0x0000000080600000| Untracked 
|   7|0x0000000080700000, 0x0000000080800000, 0x0000000080800000|100%| O|  |TAMS 0x0000000080700000| PB 0x0000000080700000| Untracked 
|   8|0x0000000080800000, 0x0000000080900000, 0x0000000080900000|100%| O|  |TAMS 0x0000000080800000| PB 0x0000000080800000| Untracked 
|   9|0x0000000080900000, 0x0000000080a00000, 0x0000000080a00000|100%| O|  |TAMS 0x0000000080900000| PB 0x0000000080900000| Untracked 
|  10|0x0000000080a00000, 0x0000000080b00000, 0x0000000080b00000|100%| O|  |TAMS 0x0000000080a00000| PB 0x0000000080a00000| Untracked 
|  11|0x0000000080b00000, 0x0000000080c00000, 0x0000000080c00000|100%|HS|  |TAMS 0x0000000080b00000| PB 0x0000000080b00000| Complete 
|  12|0x0000000080c00000, 0x0000000080d00000, 0x0000000080d00000|100%| O|  |TAMS 0x0000000080c00000| PB 0x0000000080c00000| Untracked 
|  13|0x0000000080d00000, 0x0000000080e00000, 0x0000000080e00000|100%| O|  |TAMS 0x0000000080d00000| PB 0x0000000080d00000| Untracked 
|  14|0x0000000080e00000, 0x0000000080f00000, 0x0000000080f00000|100%| O|  |TAMS 0x0000000080e00000| PB 0x0000000080e00000| Untracked 
|  15|0x0000000080f00000, 0x0000000081000000, 0x0000000081000000|100%| O|  |TAMS 0x0000000080f00000| PB 0x0000000080f00000| Untracked 
|  16|0x0000000081000000, 0x0000000081100000, 0x0000000081100000|100%| O|  |TAMS 0x0000000081000000| PB 0x0000000081000000| Untracked 
|  17|0x0000000081100000, 0x0000000081200000, 0x0000000081200000|100%| O|  |TAMS 0x0000000081100000| PB 0x0000000081100000| Untracked 
|  18|0x0000000081200000, 0x0000000081300000, 0x0000000081300000|100%| O|  |TAMS 0x0000000081200000| PB 0x0000000081200000| Untracked 
|  19|0x0000000081300000, 0x0000000081383600, 0x0000000081400000| 51%| O|Cm|TAMS 0x0000000081300000| PB 0x0000000081300000| Complete 
|  20|0x0000000081400000, 0x0000000081400000, 0x0000000081500000|  0%| F|  |TAMS 0x0000000081400000| PB 0x0000000081400000| Untracked 
|  21|0x0000000081500000, 0x0000000081500000, 0x0000000081600000|  0%| F|  |TAMS 0x0000000081500000| PB 0x0000000081500000| Untracked 
|  22|0x0000000081600000, 0x0000000081600000, 0x0000000081700000|  0%| F|  |TAMS 0x0000000081600000| PB 0x0000000081600000| Untracked 
|  23|0x0000000081700000, 0x0000000081700000, 0x0000000081800000|  0%| F|  |TAMS 0x0000000081700000| PB 0x0000000081700000| Untracked 
|  24|0x0000000081800000, 0x0000000081800000, 0x0000000081900000|  0%| F|  |TAMS 0x0000000081800000| PB 0x0000000081800000| Untracked 
|  25|0x0000000081900000, 0x0000000081900000, 0x0000000081a00000|  0%| F|  |TAMS 0x0000000081900000| PB 0x0000000081900000| Untracked 
|  26|0x0000000081a00000, 0x0000000081a00000, 0x0000000081b00000|  0%| F|  |TAMS 0x0000000081a00000| PB 0x0000000081a00000| Untracked 
|  27|0x0000000081b00000, 0x0000000081b00000, 0x0000000081c00000|  0%| F|  |TAMS 0x0000000081b00000| PB 0x0000000081b00000| Untracked 
|  28|0x0000000081c00000, 0x0000000081c00000, 0x0000000081d00000|  0%| F|  |TAMS 0x0000000081c00000| PB 0x0000000081c00000| Untracked 
|  29|0x0000000081d00000, 0x0000000081d00000, 0x0000000081e00000|  0%| F|  |TAMS 0x0000000081d00000| PB 0x0000000081d00000| Untracked 
|  30|0x0000000081e00000, 0x0000000081e00000, 0x0000000081f00000|  0%| F|  |TAMS 0x0000000081e00000| PB 0x0000000081e00000| Untracked 
|  31|0x0000000081f00000, 0x0000000081f00000, 0x0000000082000000|  0%| F|  |TAMS 0x0000000081f00000| PB 0x0000000081f00000| Untracked 
|  32|0x0000000082000000, 0x0000000082000000, 0x0000000082100000|  0%| F|  |TAMS 0x0000000082000000| PB 0x0000000082000000| Untracked 
|  33|0x0000000082100000, 0x0000000082100000, 0x0000000082200000|  0%| F|  |TAMS 0x0000000082100000| PB 0x0000000082100000| Untracked 
|  34|0x0000000082200000, 0x0000000082200000, 0x0000000082300000|  0%| F|  |TAMS 0x0000000082200000| PB 0x0000000082200000| Untracked 
|  35|0x0000000082300000, 0x0000000082300000, 0x0000000082400000|  0%| F|  |TAMS 0x0000000082300000| PB 0x0000000082300000| Untracked 
|  36|0x0000000082400000, 0x0000000082400000, 0x0000000082500000|  0%| F|  |TAMS 0x0000000082400000| PB 0x0000000082400000| Untracked 
|  37|0x0000000082500000, 0x0000000082500000, 0x0000000082600000|  0%| F|  |TAMS 0x0000000082500000| PB 0x0000000082500000| Untracked 
|  38|0x0000000082600000, 0x0000000082600000, 0x0000000082700000|  0%| F|  |TAMS 0x0000000082600000| PB 0x0000000082600000| Untracked 
|  39|0x0000000082700000, 0x0000000082700000, 0x0000000082800000|  0%| F|  |TAMS 0x0000000082700000| PB 0x0000000082700000| Untracked 
|  40|0x0000000082800000, 0x0000000082800000, 0x0000000082900000|  0%| F|  |TAMS 0x0000000082800000| PB 0x0000000082800000| Untracked 
|  41|0x0000000082900000, 0x0000000082900000, 0x0000000082a00000|  0%| F|  |TAMS 0x0000000082900000| PB 0x0000000082900000| Untracked 
|  42|0x0000000082a00000, 0x0000000082a00000, 0x0000000082b00000|  0%| F|  |TAMS 0x0000000082a00000| PB 0x0000000082a00000| Untracked 
|  43|0x0000000082b00000, 0x0000000082b00000, 0x0000000082c00000|  0%| F|  |TAMS 0x0000000082b00000| PB 0x0000000082b00000| Untracked 
|  44|0x0000000082c00000, 0x0000000082c00000, 0x0000000082d00000|  0%| F|  |TAMS 0x0000000082c00000| PB 0x0000000082c00000| Untracked 
|  45|0x0000000082d00000, 0x0000000082ddfb38, 0x0000000082e00000| 87%| E|  |TAMS 0x0000000082d00000| PB 0x0000000082d00000| Complete 
|  46|0x0000000082e00000, 0x0000000082f00000, 0x0000000082f00000|100%| E|CS|TAMS 0x0000000082e00000| PB 0x0000000082e00000| Complete 
|  47|0x0000000082f00000, 0x0000000083000000, 0x0000000083000000|100%| E|CS|TAMS 0x0000000082f00000| PB 0x0000000082f00000| Complete 
|  48|0x0000000083000000, 0x0000000083100000, 0x0000000083100000|100%| E|CS|TAMS 0x0000000083000000| PB 0x0000000083000000| Complete 
|  49|0x0000000083100000, 0x0000000083200000, 0x0000000083200000|100%| E|CS|TAMS 0x0000000083100000| PB 0x0000000083100000| Complete 
|  50|0x0000000083200000, 0x0000000083300000, 0x0000000083300000|100%| E|CS|TAMS 0x0000000083200000| PB 0x0000000083200000| Complete 
|  51|0x0000000083300000, 0x0000000083400000, 0x0000000083400000|100%| E|CS|TAMS 0x0000000083300000| PB 0x0000000083300000| Complete 
|  52|0x0000000083400000, 0x0000000083500000, 0x0000000083500000|100%| E|CS|TAMS 0x0000000083400000| PB 0x0000000083400000| Complete 
|  53|0x0000000083500000, 0x0000000083600000, 0x0000000083600000|100%| E|CS|TAMS 0x0000000083500000| PB 0x0000000083500000| Complete 
|  54|0x0000000083600000, 0x0000000083700000, 0x0000000083700000|100%| E|CS|TAMS 0x0000000083600000| PB 0x0000000083600000| Complete 
|  55|0x0000000083700000, 0x0000000083800000, 0x0000000083800000|100%| E|CS|TAMS 0x0000000083700000| PB 0x0000000083700000| Complete 
|  56|0x0000000083800000, 0x0000000083900000, 0x0000000083900000|100%| E|CS|TAMS 0x0000000083800000| PB 0x0000000083800000| Complete 
|  57|0x0000000083900000, 0x0000000083a00000, 0x0000000083a00000|100%| E|CS|TAMS 0x0000000083900000| PB 0x0000000083900000| Complete 
|  58|0x0000000083a00000, 0x0000000083b00000, 0x0000000083b00000|100%| E|CS|TAMS 0x0000000083a00000| PB 0x0000000083a00000| Complete 
|  59|0x0000000083b00000, 0x0000000083c00000, 0x0000000083c00000|100%| E|CS|TAMS 0x0000000083b00000| PB 0x0000000083b00000| Complete 
|  60|0x0000000083c00000, 0x0000000083d00000, 0x0000000083d00000|100%| E|CS|TAMS 0x0000000083c00000| PB 0x0000000083c00000| Complete 
|  61|0x0000000083d00000, 0x0000000083e00000, 0x0000000083e00000|100%| E|CS|TAMS 0x0000000083d00000| PB 0x0000000083d00000| Complete 
|  62|0x0000000083e00000, 0x0000000083f00000, 0x0000000083f00000|100%| E|CS|TAMS 0x0000000083e00000| PB 0x0000000083e00000| Complete 
|  63|0x0000000083f00000, 0x0000000084000000, 0x0000000084000000|100%| E|CS|TAMS 0x0000000083f00000| PB 0x0000000083f00000| Complete 
|  64|0x0000000084000000, 0x0000000084100000, 0x0000000084100000|100%| E|CS|TAMS 0x0000000084000000| PB 0x0000000084000000| Complete 
|  65|0x0000000084100000, 0x0000000084200000, 0x0000000084200000|100%| E|CS|TAMS 0x0000000084100000| PB 0x0000000084100000| Complete 
|  66|0x0000000084200000, 0x0000000084300000, 0x0000000084300000|100%| E|CS|TAMS 0x0000000084200000| PB 0x0000000084200000| Complete 
|  67|0x0000000084300000, 0x0000000084400000, 0x0000000084400000|100%| E|CS|TAMS 0x0000000084300000| PB 0x0000000084300000| Complete 
|  68|0x0000000084400000, 0x0000000084500000, 0x0000000084500000|100%| E|CS|TAMS 0x0000000084400000| PB 0x0000000084400000| Complete 
|  69|0x0000000084500000, 0x0000000084600000, 0x0000000084600000|100%| E|CS|TAMS 0x0000000084500000| PB 0x0000000084500000| Complete 
|  70|0x0000000084600000, 0x0000000084700000, 0x0000000084700000|100%| E|CS|TAMS 0x0000000084600000| PB 0x0000000084600000| Complete 
|  71|0x0000000084700000, 0x0000000084800000, 0x0000000084800000|100%| E|CS|TAMS 0x0000000084700000| PB 0x0000000084700000| Complete 
|  72|0x0000000084800000, 0x0000000084900000, 0x0000000084900000|100%| E|CS|TAMS 0x0000000084800000| PB 0x0000000084800000| Complete 
|  73|0x0000000084900000, 0x0000000084a00000, 0x0000000084a00000|100%| E|CS|TAMS 0x0000000084900000| PB 0x0000000084900000| Complete 
|  74|0x0000000084a00000, 0x0000000084b00000, 0x0000000084b00000|100%| E|CS|TAMS 0x0000000084a00000| PB 0x0000000084a00000| Complete 
|  75|0x0000000084b00000, 0x0000000084c00000, 0x0000000084c00000|100%| E|CS|TAMS 0x0000000084b00000| PB 0x0000000084b00000| Complete 
|  85|0x0000000085500000, 0x000000008551e798, 0x0000000085600000| 11%| S|CS|TAMS 0x0000000085500000| PB 0x0000000085500000| Complete 
|  86|0x0000000085600000, 0x0000000085700000, 0x0000000085700000|100%| S|CS|TAMS 0x0000000085600000| PB 0x0000000085600000| Complete 
|  94|0x0000000085e00000, 0x0000000085f00000, 0x0000000085f00000|100%| E|CS|TAMS 0x0000000085e00000| PB 0x0000000085e00000| Complete 
|  95|0x0000000085f00000, 0x0000000086000000, 0x0000000086000000|100%| E|CS|TAMS 0x0000000085f00000| PB 0x0000000085f00000| Complete 

Card table byte_map: [0x000001dc625b0000,0x000001dc629b0000] _byte_map_base: 0x000001dc621b0000

Marking Bits: (CMBitMap*) 0x000001dc4fd944c0
 Bits: [0x000001dc629b0000, 0x000001dc649b0000)

Polling page: 0x000001dc4dc00000

Metaspace:

Usage:
  Non-class:     23.24 MB used.
      Class:      3.29 MB used.
       Both:     26.53 MB used.

Virtual space:
  Non-class space:       64.00 MB reserved,      23.50 MB ( 37%) committed,  1 nodes.
      Class space:        1.00 GB reserved,       3.56 MB ( <1%) committed,  1 nodes.
             Both:        1.06 GB reserved,      27.06 MB (  2%) committed. 

Chunk freelists:
   Non-Class:  8.31 MB
       Class:  12.30 MB
        Both:  20.61 MB

MaxMetaspaceSize: unlimited
CompressedClassSpaceSize: 1.00 GB
Initial GC threshold: 21.00 MB
Current GC threshold: 35.12 MB
CDS: off
 - commit_granule_bytes: 65536.
 - commit_granule_words: 8192.
 - virtual_space_node_default_size: 8388608.
 - enlarge_chunks_in_place: 1.
 - use_allocation_guard: 0.


Internal statistics:

num_allocs_failed_limit: 3.
num_arena_births: 710.
num_arena_deaths: 0.
num_vsnodes_births: 2.
num_vsnodes_deaths: 0.
num_space_committed: 433.
num_space_uncommitted: 0.
num_chunks_returned_to_freelist: 3.
num_chunks_taken_from_freelist: 1366.
num_chunk_merges: 3.
num_chunk_splits: 867.
num_chunks_enlarged: 580.
num_inconsistent_stats: 0.

CodeHeap 'non-profiled nmethods': size=120000Kb used=1332Kb max_used=1332Kb free=118667Kb
 bounds [0x000001dc5a950000, 0x000001dc5abc0000, 0x000001dc61e80000]
CodeHeap 'profiled nmethods': size=120000Kb used=5676Kb max_used=5676Kb free=114323Kb
 bounds [0x000001dc52e80000, 0x000001dc53410000, 0x000001dc5a3b0000]
CodeHeap 'non-nmethods': size=5760Kb used=1465Kb max_used=1482Kb free=4295Kb
 bounds [0x000001dc5a3b0000, 0x000001dc5a620000, 0x000001dc5a950000]
 total_blobs=3394 nmethods=2828 adapters=470
 compilation: enabled
              stopped_count=0, restarted_count=0
 full_count=0

Compilation events (20 events):
Event: 9.681 Thread 0x000001dc675fd930 2751       3       java.util.concurrent.locks.ReentrantLock$NonfairSync::tryAcquire (27 bytes)
Event: 10.494 Thread 0x000001dc675fd930 nmethod 2751 0x000001dc533ed390 code [0x000001dc533ed560, 0x000001dc533ed7e8]
Event: 10.494 Thread 0x000001dc675fd930 2754   !   3       java.util.concurrent.locks.AbstractQueuedSynchronizer::acquire (424 bytes)
Event: 10.499 Thread 0x000001dc675fd930 nmethod 2754 0x000001dc533ed890 code [0x000001dc533edc40, 0x000001dc533ef520]
Event: 10.499 Thread 0x000001dc675fd930 2752       3       java.util.concurrent.locks.AbstractQueuedSynchronizer$Node::<init> (5 bytes)
Event: 10.500 Thread 0x000001dc675fd930 nmethod 2752 0x000001dc533efd90 code [0x000001dc533eff40, 0x000001dc533f00a8]
Event: 10.500 Thread 0x000001dc675fd930 2755       1       java.util.stream.ReferencePipeline$StatelessOp::opIsStateful (2 bytes)
Event: 10.500 Thread 0x000001dc675fd930 nmethod 2755 0x000001dc5aa94a10 code [0x000001dc5aa94ba0, 0x000001dc5aa94c68]
Event: 10.502 Thread 0x000001dc675fd930 2756       3       java.lang.invoke.DirectMethodHandle::makeAllocator (137 bytes)
Event: 10.504 Thread 0x000001dc675fd930 nmethod 2756 0x000001dc533f0190 code [0x000001dc533f03a0, 0x000001dc533f0828]
Event: 10.512 Thread 0x000001dc675fd930 2757       3       java.util.HashMap::put (13 bytes)
Event: 10.512 Thread 0x000001dc675fd930 nmethod 2757 0x000001dc533f0a90 code [0x000001dc533f0c60, 0x000001dc533f0f60]
Event: 10.518 Thread 0x000001dc675fd930 2758       3       java.lang.invoke.MemberName::asSpecial (89 bytes)
Event: 10.519 Thread 0x000001dc675fd930 nmethod 2758 0x000001dc533f1090 code [0x000001dc533f1360, 0x000001dc533f1fe0]
Event: 11.371 Thread 0x000001dc675fd930 2759       1       javax.management.ObjectName$Property::setKeyIndex (6 bytes)
Event: 11.371 Thread 0x000001dc675fd930 nmethod 2759 0x000001dc5aa94d10 code [0x000001dc5aa94ea0, 0x000001dc5aa94f68]
Event: 11.371 Thread 0x000001dc675fd930 2760       1       java.util.Spliterators$EmptySpliterator::characteristics (4 bytes)
Event: 11.371 Thread 0x000001dc675fd930 nmethod 2760 0x000001dc5aa95010 code [0x000001dc5aa951a0, 0x000001dc5aa95268]
Event: 11.371 Thread 0x000001dc675fd930 2761       1       sun.management.MemoryPoolImpl::getName (5 bytes)
Event: 11.371 Thread 0x000001dc675fd930 nmethod 2761 0x000001dc5aa95310 code [0x000001dc5aa954a0, 0x000001dc5aa95568]

GC Heap History (8 events):
Event: 1.640 GC heap before
{Heap before GC invocations=0 (full 0):
 garbage-first heap   total 98304K, used 26624K [0x0000000080000000, 0x0000000100000000)
  region size 1024K, 23 young (23552K), 0 survivors (0K)
 Metaspace       used 8140K, committed 8320K, reserved 1114112K
  class space    used 740K, committed 832K, reserved 1048576K
}
Event: 1.653 GC heap after
{Heap after GC invocations=1 (full 0):
 garbage-first heap   total 98304K, used 10304K [0x0000000080000000, 0x0000000100000000)
  region size 1024K, 3 young (3072K), 3 survivors (3072K)
 Metaspace       used 8140K, committed 8320K, reserved 1114112K
  class space    used 740K, committed 832K, reserved 1048576K
}
Event: 2.797 GC heap before
{Heap before GC invocations=1 (full 0):
 garbage-first heap   total 98304K, used 38976K [0x0000000080000000, 0x0000000100000000)
  region size 1024K, 32 young (32768K), 3 survivors (3072K)
 Metaspace       used 12041K, committed 12224K, reserved 1114112K
  class space    used 1282K, committed 1408K, reserved 1048576K
}
Event: 2.806 GC heap after
{Heap after GC invocations=2 (full 0):
 garbage-first heap   total 98304K, used 11861K [0x0000000080000000, 0x0000000100000000)
  region size 1024K, 2 young (2048K), 2 survivors (2048K)
 Metaspace       used 12041K, committed 12224K, reserved 1114112K
  class space    used 1282K, committed 1408K, reserved 1048576K
}
Event: 4.980 GC heap before
{Heap before GC invocations=2 (full 0):
 garbage-first heap   total 98304K, used 70229K [0x0000000080000000, 0x0000000100000000)
  region size 1024K, 57 young (58368K), 2 survivors (2048K)
 Metaspace       used 19200K, committed 19520K, reserved 1114112K
  class space    used 2169K, committed 2304K, reserved 1048576K
}
Event: 4.991 GC heap after
{Heap after GC invocations=3 (full 0):
 garbage-first heap   total 98304K, used 19714K [0x0000000080000000, 0x0000000100000000)
  region size 1024K, 8 young (8192K), 8 survivors (8192K)
 Metaspace       used 19200K, committed 19520K, reserved 1114112K
  class space    used 2169K, committed 2304K, reserved 1048576K
}
Event: 6.407 GC heap before
{Heap before GC invocations=3 (full 0):
 garbage-first heap   total 98304K, used 27906K [0x0000000080000000, 0x0000000100000000)
  region size 1024K, 17 young (17408K), 8 survivors (8192K)
 Metaspace       used 21203K, committed 21504K, reserved 1114112K
  class space    used 2446K, committed 2624K, reserved 1048576K
}
Event: 6.418 GC heap after
{Heap after GC invocations=4 (full 0):
 garbage-first heap   total 98304K, used 21127K [0x0000000080000000, 0x0000000100000000)
  region size 1024K, 2 young (2048K), 2 survivors (2048K)
 Metaspace       used 21203K, committed 21504K, reserved 1114112K
  class space    used 2446K, committed 2624K, reserved 1048576K
}

Dll operation events (3 events):
Event: 0.038 Loaded shared library C:\Program Files\Android\Android Studio\jbr\bin\java.dll
Event: 0.054 Loaded shared library C:\Program Files\Android\Android Studio\jbr\bin\zip.dll
Event: 1.613 Loaded shared library C:\Program Files\Android\Android Studio\jbr\bin\verify.dll

Deoptimization events (20 events):
Event: 7.041 Thread 0x000001dc6dae5de0 Uncommon trap: trap_request=0xffffffde fr.pc=0x000001dc5aa19f64 relative=0x0000000000000304
Event: 7.041 Thread 0x000001dc6dae5de0 Uncommon trap: reason=class_check action=maybe_recompile pc=0x000001dc5aa19f64 method=java.util.regex.Pattern$BmpCharPropertyGreedy.match(Ljava/util/regex/Matcher;ILjava/lang/CharSequence;)Z @ 26 c2
Event: 7.041 Thread 0x000001dc6dae5de0 DEOPT PACKING pc=0x000001dc5aa19f64 sp=0x000000bac95fbfd0
Event: 7.041 Thread 0x000001dc6dae5de0 DEOPT UNPACKING pc=0x000001dc5a4046a2 sp=0x000000bac95fbf88 mode 2
Event: 7.041 Thread 0x000001dc6dae5de0 Uncommon trap: trap_request=0xffffffde fr.pc=0x000001dc5aa19f64 relative=0x0000000000000304
Event: 7.041 Thread 0x000001dc6dae5de0 Uncommon trap: reason=class_check action=maybe_recompile pc=0x000001dc5aa19f64 method=java.util.regex.Pattern$BmpCharPropertyGreedy.match(Ljava/util/regex/Matcher;ILjava/lang/CharSequence;)Z @ 26 c2
Event: 7.041 Thread 0x000001dc6dae5de0 DEOPT PACKING pc=0x000001dc5aa19f64 sp=0x000000bac95fbf40
Event: 7.041 Thread 0x000001dc6dae5de0 DEOPT UNPACKING pc=0x000001dc5a4046a2 sp=0x000000bac95fbef8 mode 2
Event: 7.191 Thread 0x000001dc6dae5de0 Uncommon trap: trap_request=0xffffff45 fr.pc=0x000001dc5a973520 relative=0x0000000000000d20
Event: 7.191 Thread 0x000001dc6dae5de0 Uncommon trap: reason=unstable_if action=reinterpret pc=0x000001dc5a973520 method=java.io.WinNTFileSystem.resolve(Ljava/lang/String;Ljava/lang/String;)Ljava/lang/String; @ 19 c2
Event: 7.191 Thread 0x000001dc6dae5de0 DEOPT PACKING pc=0x000001dc5a973520 sp=0x000000bac95fb690
Event: 7.191 Thread 0x000001dc6dae5de0 DEOPT UNPACKING pc=0x000001dc5a4046a2 sp=0x000000bac95fb628 mode 2
Event: 7.194 Thread 0x000001dc6dae5de0 Uncommon trap: trap_request=0xffffff45 fr.pc=0x000001dc5a9dec10 relative=0x0000000000000630
Event: 7.194 Thread 0x000001dc6dae5de0 Uncommon trap: reason=unstable_if action=reinterpret pc=0x000001dc5a9dec10 method=java.io.File.getName()Ljava/lang/String; @ 16 c2
Event: 7.194 Thread 0x000001dc6dae5de0 DEOPT PACKING pc=0x000001dc5a9dec10 sp=0x000000bac95fb650
Event: 7.194 Thread 0x000001dc6dae5de0 DEOPT UNPACKING pc=0x000001dc5a4046a2 sp=0x000000bac95fb620 mode 2
Event: 7.383 Thread 0x000001dc6dae5de0 Uncommon trap: trap_request=0xffffff45 fr.pc=0x000001dc5a976510 relative=0x00000000000000f0
Event: 7.383 Thread 0x000001dc6dae5de0 Uncommon trap: reason=unstable_if action=reinterpret pc=0x000001dc5a976510 method=java.util.HashMap.hash(Ljava/lang/Object;)I @ 1 c2
Event: 7.383 Thread 0x000001dc6dae5de0 DEOPT PACKING pc=0x000001dc5a976510 sp=0x000000bac95fc470
Event: 7.383 Thread 0x000001dc6dae5de0 DEOPT UNPACKING pc=0x000001dc5a4046a2 sp=0x000000bac95fc3b0 mode 2

Classes loaded (20 events):
Event: 7.148 Loading class sun/security/provider/MD5
Event: 7.148 Loading class sun/security/provider/MD5 done
Event: 7.148 Loading class sun/security/provider/SHA5$SHA512
Event: 7.149 Loading class sun/security/provider/SHA5
Event: 7.149 Loading class sun/security/provider/SHA5 done
Event: 7.149 Loading class sun/security/provider/SHA5$SHA512 done
Event: 7.151 Loading class sun/security/provider/ByteArrayAccess$LE
Event: 7.151 Loading class sun/security/provider/ByteArrayAccess$LE done
Event: 7.193 Loading class java/io/File$TempDirectory
Event: 7.193 Loading class java/io/File$TempDirectory done
Event: 7.203 Loading class java/io/PrintWriter
Event: 7.204 Loading class java/io/PrintWriter done
Event: 7.286 Loading class java/util/concurrent/Semaphore
Event: 7.286 Loading class java/util/concurrent/Semaphore done
Event: 7.292 Loading class java/nio/file/FileVisitOption
Event: 7.293 Loading class java/nio/file/FileVisitOption done
Event: 7.311 Loading class java/util/stream/ReduceOps$1
Event: 7.311 Loading class java/util/stream/ReduceOps$1 done
Event: 7.312 Loading class java/util/stream/ReduceOps$1ReducingSink
Event: 7.313 Loading class java/util/stream/ReduceOps$1ReducingSink done

Classes unloaded (0 events):
No events

Classes redefined (0 events):
No events

Internal exceptions (20 events):
Event: 6.469 Thread 0x000001dc6dae5de0 Exception <a 'java/lang/NoSuchMethodError'{0x0000000084b3ccf8}: 'long java.lang.invoke.DirectMethodHandle$Holder.invokeInterface(java.lang.Object, java.lang.Object)'> (0x0000000084b3ccf8) 
thrown [s\src\hotspot\share\interpreter\linkResolver.cpp, line 784]
Event: 6.591 Thread 0x000001dc6dae5de0 Exception <a 'java/lang/NoSuchMethodError'{0x0000000084779c78}: 'void java.lang.invoke.DirectMethodHandle$Holder.invokeStatic(java.lang.Object, java.lang.Object)'> (0x0000000084779c78) 
thrown [s\src\hotspot\share\interpreter\linkResolver.cpp, line 784]
Event: 6.601 Thread 0x000001dc6dae5de0 Exception <a 'java/lang/NoSuchMethodError'{0x00000000847c2af8}: 'java.lang.Object java.lang.invoke.DirectMethodHandle$Holder.invokeVirtual(java.lang.Object, java.lang.Object, java.lang.Object, java.lang.Object, java.lang.Object, java.lang.Object, java.lang.Object, java.lang.Object, java.lang.Object, java.lang.Object, java.lang.Object, java.lang.Object)'> (0x00000000847c2af8) 
thrown [s\src\hotspot\share\interpreter\linkResolver.cpp, line 784]
Event: 6.601 Thread 0x000001dc6dae5de0 Exception <a 'java/lang/NoSuchMethodError'{0x00000000847c7b68}: 'java.lang.Object java.lang.invoke.DirectMethodHandle$Holder.invokeSpecial(java.lang.Object, java.lang.Object, java.lang.Object, java.lang.Object, java.lang.Object, java.lang.Object, java.lang.Object, java.lang.Object, java.lang.Object, java.lang.Object, java.lang.Object, java.lang.Object, java.lang.Object)'> (0x00000000847c7b68) 
thrown [s\src\hotspot\share\interpreter\linkResolver.cpp, line 784]
Event: 6.647 Thread 0x000001dc6dae5de0 Exception <a 'java/lang/NoSuchMethodError'{0x000000008456fa28}: 'java.lang.Object java.lang.invoke.DirectMethodHandle$Holder.newInvokeSpecial(java.lang.Object, java.lang.Object, java.lang.Object, java.lang.Object, java.lang.Object)'> (0x000000008456fa28) 
thrown [s\src\hotspot\share\interpreter\linkResolver.cpp, line 784]
Event: 6.661 Thread 0x000001dc6dae5de0 Exception <a 'java/lang/NoSuchMethodError'{0x00000000845c7130}: 'int java.lang.invoke.DirectMethodHandle$Holder.invokeVirtual(java.lang.Object, java.lang.Object, java.lang.Object)'> (0x00000000845c7130) 
thrown [s\src\hotspot\share\interpreter\linkResolver.cpp, line 784]
Event: 6.729 Thread 0x000001dc6dae5de0 Exception <a 'java/lang/NoSuchMethodError'{0x0000000084221c30}: 'java.lang.Object java.lang.invoke.DirectMethodHandle$Holder.newInvokeSpecial(java.lang.Object, java.lang.Object, java.lang.Object, java.lang.Object, java.lang.Object, java.lang.Object)'> (0x0000000084221c30) 
thrown [s\src\hotspot\share\interpreter\linkResolver.cpp, line 784]
Event: 6.733 Thread 0x000001dc6dae5de0 Exception <a 'java/lang/NoSuchMethodError'{0x0000000084243420}: 'void java.lang.invoke.DirectMethodHandle$Holder.invokeStaticInit(java.lang.Object, java.lang.Object)'> (0x0000000084243420) 
thrown [s\src\hotspot\share\interpreter\linkResolver.cpp, line 784]
Event: 6.817 Thread 0x000001dc6dae5de0 Exception <a 'java/lang/NoSuchMethodError'{0x00000000840d1838}: 'void java.lang.invoke.DelegatingMethodHandle$Holder.reinvoke_L(java.lang.Object, java.lang.Object, java.lang.Object, java.lang.Object, java.lang.Object, java.lang.Object, java.lang.Object, java.lang.Object, java.lang.Object, java.lang.Object)'> (0x00000000840d1838) 
thrown [s\src\hotspot\share\interpreter\linkResolver.cpp, line 784]
Event: 6.818 Thread 0x000001dc6dae5de0 Exception <a 'java/lang/NoSuchMethodError'{0x00000000840d9488}: 'java.lang.Object java.lang.invoke.Invokers$Holder.invoker(java.lang.Object, java.lang.Object, java.lang.Object, java.lang.Object, java.lang.Object, java.lang.Object, java.lang.Object, java.lang.Object, java.lang.Object, java.lang.Object)'> (0x00000000840d9488) 
thrown [s\src\hotspot\share\interpreter\linkResolver.cpp, line 784]
Event: 6.968 Thread 0x000001dc6dae5de0 Exception <a 'java/lang/NoSuchMethodError'{0x0000000083cad528}: 'void java.lang.invoke.DirectMethodHandle$Holder.invokeVirtual(java.lang.Object, java.lang.Object, java.lang.Object, java.lang.Object, java.lang.Object)'> (0x0000000083cad528) 
thrown [s\src\hotspot\share\interpreter\linkResolver.cpp, line 784]
Event: 7.036 Thread 0x000001dc6dae5de0 Exception <a 'java/lang/NoSuchMethodError'{0x0000000083a37920}: 'void java.lang.invoke.DirectMethodHandle$Holder.invokeInterface(java.lang.Object, java.lang.Object)'> (0x0000000083a37920) 
thrown [s\src\hotspot\share\interpreter\linkResolver.cpp, line 784]
Event: 7.037 Thread 0x000001dc6dae5de0 Exception <a 'java/lang/IncompatibleClassChangeError'{0x0000000083a3ae80}: Found class java.lang.Object, but interface was expected> (0x0000000083a3ae80) 
thrown [s\src\hotspot\share\interpreter\linkResolver.cpp, line 851]
Event: 7.078 Thread 0x000001dc6dae5de0 Exception <a 'java/lang/NoSuchMethodError'{0x000000008395a890}: 'java.lang.Object java.lang.invoke.DirectMethodHandle$Holder.newInvokeSpecial(java.lang.Object, java.lang.Object, int)'> (0x000000008395a890) 
thrown [s\src\hotspot\share\interpreter\linkResolver.cpp, line 784]
Event: 7.100 Thread 0x000001dc6dae5de0 Exception <a 'java/lang/NoSuchMethodError'{0x00000000839f3fb0}: 'java.lang.Object java.lang.invoke.DirectMethodHandle$Holder.invokeVirtual(java.lang.Object, java.lang.Object, java.lang.Object, java.lang.Object, java.lang.Object, java.lang.Object, java.lang.Object, java.lang.Object)'> (0x00000000839f3fb0) 
thrown [s\src\hotspot\share\interpreter\linkResolver.cpp, line 784]
Event: 7.300 Thread 0x000001dc6dae5de0 Exception <a 'java/lang/NoSuchMethodError'{0x0000000083329dc0}: 'int java.lang.invoke.DirectMethodHandle$Holder.invokeSpecialIFC(java.lang.Object, java.lang.Object, java.lang.Object, java.lang.Object)'> (0x0000000083329dc0) 
thrown [s\src\hotspot\share\interpreter\linkResolver.cpp, line 784]
Event: 7.308 Thread 0x000001dc6dae5de0 Exception <a 'java/lang/NoSuchMethodError'{0x0000000083337078}: 'java.lang.Object java.lang.invoke.DirectMethodHandle$Holder.invokeInterface(java.lang.Object, java.lang.Object, java.lang.Object)'> (0x0000000083337078) 
thrown [s\src\hotspot\share\interpreter\linkResolver.cpp, line 784]
Event: 7.310 Thread 0x000001dc6dae5de0 Exception <a 'java/lang/IncompatibleClassChangeError'{0x000000008333a9c0}: Found class java.lang.Object, but interface was expected> (0x000000008333a9c0) 
thrown [s\src\hotspot\share\interpreter\linkResolver.cpp, line 851]
Event: 7.383 Thread 0x000001dc6dae5de0 Implicit null exception at 0x000001dc5a976466 to 0x000001dc5a976506
Event: 7.430 Thread 0x000001dc6dae5de0 Exception <a 'java/lang/NoSuchMethodError'{0x0000000083154f38}: 'int java.lang.invoke.DirectMethodHandle$Holder.invokeStatic(java.lang.Object, java.lang.Object, java.lang.Object, java.lang.Object)'> (0x0000000083154f38) 
thrown [s\src\hotspot\share\interpreter\linkResolver.cpp, line 784]

ZGC Phase Switch (0 events):
No events

VM Operations (20 events):
Event: 5.101 Executing VM operation: HandshakeAllThreads (Deoptimize)
Event: 5.101 Executing VM operation: HandshakeAllThreads (Deoptimize) done
Event: 6.110 Executing VM operation: Cleanup
Event: 6.360 Executing VM operation: Cleanup done
Event: 6.407 Executing VM operation: CollectForMetadataAllocation (Metadata GC Threshold)
Event: 6.418 Executing VM operation: CollectForMetadataAllocation (Metadata GC Threshold) done
Event: 6.426 Executing VM operation: G1PauseRemark
Event: 6.429 Executing VM operation: G1PauseRemark done
Event: 6.434 Executing VM operation: G1PauseCleanup
Event: 6.434 Executing VM operation: G1PauseCleanup done
Event: 6.782 Executing VM operation: HandshakeAllThreads (Deoptimize)
Event: 6.783 Executing VM operation: HandshakeAllThreads (Deoptimize) done
Event: 7.076 Executing VM operation: HandshakeAllThreads (Deoptimize)
Event: 7.076 Executing VM operation: HandshakeAllThreads (Deoptimize) done
Event: 8.084 Executing VM operation: Cleanup
Event: 8.084 Executing VM operation: Cleanup done
Event: 9.095 Executing VM operation: Cleanup
Event: 9.095 Executing VM operation: Cleanup done
Event: 11.123 Executing VM operation: Cleanup
Event: 11.123 Executing VM operation: Cleanup done

Events (20 events):
Event: 3.213 Thread 0x000001dc67967ab0 Thread exited: 0x000001dc67967ab0
Event: 3.842 Thread 0x000001dc6d8ed6b0 Thread added: 0x000001dc6d8ed6b0
Event: 4.295 Loaded shared library C:\Program Files\Android\Android Studio\jbr\bin\management.dll
Event: 4.304 Loaded shared library C:\Program Files\Android\Android Studio\jbr\bin\management_ext.dll
Event: 4.371 Thread 0x000001dc6d98a3a0 Thread added: 0x000001dc6d98a3a0
Event: 4.780 Loaded shared library C:\Program Files\Android\Android Studio\jbr\bin\extnet.dll
Event: 4.841 Thread 0x000001dc6d82f470 Thread added: 0x000001dc6d82f470
Event: 5.034 Thread 0x000001dc6db6e0b0 Thread added: 0x000001dc6db6e0b0
Event: 5.077 Thread 0x000001dc6d8ed6b0 Thread exited: 0x000001dc6d8ed6b0
Event: 5.199 Thread 0x000001dc6d9415a0 Thread added: 0x000001dc6d9415a0
Event: 5.205 Thread 0x000001dc6d93d960 Thread added: 0x000001dc6d93d960
Event: 5.308 Thread 0x000001dc6d9601e0 Thread added: 0x000001dc6d9601e0
Event: 5.324 Thread 0x000001dc6dae5de0 Thread added: 0x000001dc6dae5de0
Event: 6.368 Thread 0x000001dc6dae7820 Thread added: 0x000001dc6dae7820
Event: 6.377 Thread 0x000001dc6dae6470 Thread added: 0x000001dc6dae6470
Event: 6.382 Thread 0x000001dc6dae7eb0 Thread added: 0x000001dc6dae7eb0
Event: 6.821 Thread 0x000001dc6c0a5380 Thread added: 0x000001dc6c0a5380
Event: 7.077 Thread 0x000001dc6dae5750 Thread added: 0x000001dc6dae5750
Event: 7.093 Thread 0x000001dc6dae50c0 Thread added: 0x000001dc6dae50c0
Event: 7.136 Thread 0x000001dc6dae8540 Thread added: 0x000001dc6dae8540


Dynamic libraries:
0x00007ff7ec910000 - 0x00007ff7ec91a000 	C:\Program Files\Android\Android Studio\jbr\bin\java.exe
0x00007ffae11e0000 - 0x00007ffae1443000 	C:\WINDOWS\SYSTEM32\ntdll.dll
0x00007ffadfb50000 - 0x00007ffadfc18000 	C:\WINDOWS\System32\KERNEL32.DLL
0x00007ffade910000 - 0x00007ffadecc2000 	C:\WINDOWS\System32\KERNELBASE.dll
0x00007ffaded60000 - 0x00007ffadeeab000 	C:\WINDOWS\System32\ucrtbase.dll
0x00007ffad7760000 - 0x00007ffad777b000 	C:\Program Files\Android\Android Studio\jbr\bin\VCRUNTIME140.dll
0x00007ffad7710000 - 0x00007ffad7728000 	C:\Program Files\Android\Android Studio\jbr\bin\jli.dll
0x00007ffadf980000 - 0x00007ffadfb48000 	C:\WINDOWS\System32\USER32.dll
0x00007ffadf010000 - 0x00007ffadf037000 	C:\WINDOWS\System32\win32u.dll
0x00007ffadf430000 - 0x00007ffadf45a000 	C:\WINDOWS\System32\GDI32.dll
0x00007ffade7e0000 - 0x00007ffade90b000 	C:\WINDOWS\System32\gdi32full.dll
0x00007ffade730000 - 0x00007ffade7d3000 	C:\WINDOWS\System32\msvcp_win.dll
0x00007ffabd790000 - 0x00007ffabda20000 	C:\WINDOWS\WinSxS\amd64_microsoft.windows.common-controls_6595b64144ccf1df_6.0.26100.2454_none_3e0b68a2e331ad60\COMCTL32.dll
0x00007ffae0ac0000 - 0x00007ffae0b69000 	C:\WINDOWS\System32\msvcrt.dll
0x00007ffadf3f0000 - 0x00007ffadf41f000 	C:\WINDOWS\System32\IMM32.DLL
0x00007ffadb5a0000 - 0x00007ffadb5ac000 	C:\Program Files\Android\Android Studio\jbr\bin\vcruntime140_1.dll
0x00007ffab1540000 - 0x00007ffab15cd000 	C:\Program Files\Android\Android Studio\jbr\bin\msvcp140.dll
0x00007ffa49150000 - 0x00007ffa49dcd000 	C:\Program Files\Android\Android Studio\jbr\bin\server\jvm.dll
0x00007ffadfc30000 - 0x00007ffadfce4000 	C:\WINDOWS\System32\ADVAPI32.dll
0x00007ffae0430000 - 0x00007ffae04d6000 	C:\WINDOWS\System32\sechost.dll
0x00007ffae1080000 - 0x00007ffae1196000 	C:\WINDOWS\System32\RPCRT4.dll
0x00007ffadf210000 - 0x00007ffadf284000 	C:\WINDOWS\System32\WS2_32.dll
0x00007ffade440000 - 0x00007ffade48e000 	C:\WINDOWS\SYSTEM32\POWRPROF.dll
0x00007ffad4ac0000 - 0x00007ffad4acb000 	C:\WINDOWS\SYSTEM32\VERSION.dll
0x00007ffad4a80000 - 0x00007ffad4ab6000 	C:\WINDOWS\SYSTEM32\WINMM.dll
0x00007ffade420000 - 0x00007ffade434000 	C:\WINDOWS\SYSTEM32\UMPDC.dll
0x00007ffadd3f0000 - 0x00007ffadd40a000 	C:\WINDOWS\SYSTEM32\kernel.appcore.dll
0x00007ffadb570000 - 0x00007ffadb57a000 	C:\Program Files\Android\Android Studio\jbr\bin\jimage.dll
0x00007ffad5a20000 - 0x00007ffad5c61000 	C:\WINDOWS\SYSTEM32\DBGHELP.DLL
0x00007ffae0590000 - 0x00007ffae090e000 	C:\WINDOWS\System32\combase.dll
0x00007ffae0e30000 - 0x00007ffae0f06000 	C:\WINDOWS\System32\OLEAUT32.dll
0x00007ffac5e10000 - 0x00007ffac5e49000 	C:\WINDOWS\SYSTEM32\dbgcore.DLL
0x00007ffadef70000 - 0x00007ffadf009000 	C:\WINDOWS\System32\bcryptPrimitives.dll
0x00007ffadb580000 - 0x00007ffadb58e000 	C:\Program Files\Android\Android Studio\jbr\bin\instrument.dll
0x00007ffad7690000 - 0x00007ffad76af000 	C:\Program Files\Android\Android Studio\jbr\bin\java.dll
0x00007ffad73d0000 - 0x00007ffad73e8000 	C:\Program Files\Android\Android Studio\jbr\bin\zip.dll
0x00007ffadfcf0000 - 0x00007ffae03f1000 	C:\WINDOWS\System32\SHELL32.dll
0x00007ffadc300000 - 0x00007ffadcb31000 	C:\WINDOWS\SYSTEM32\windows.storage.dll
0x00007ffae0b80000 - 0x00007ffae0c5a000 	C:\WINDOWS\System32\SHCORE.dll
0x00007ffae0d50000 - 0x00007ffae0dad000 	C:\WINDOWS\System32\shlwapi.dll
0x00007ffade4c0000 - 0x00007ffade4ee000 	C:\WINDOWS\SYSTEM32\profapi.dll
0x00007ffad7ad0000 - 0x00007ffad7ae0000 	C:\Program Files\Android\Android Studio\jbr\bin\net.dll
0x00007ffad6950000 - 0x00007ffad6a76000 	C:\WINDOWS\SYSTEM32\WINHTTP.dll
0x00007ffadd8f0000 - 0x00007ffadd958000 	C:\WINDOWS\system32\mswsock.dll
0x00007ffad70c0000 - 0x00007ffad70d6000 	C:\Program Files\Android\Android Studio\jbr\bin\nio.dll
0x00007ffad7ab0000 - 0x00007ffad7ac0000 	C:\Program Files\Android\Android Studio\jbr\bin\verify.dll
0x00007ffac8bd0000 - 0x00007ffac8bf7000 	C:\Users\yuval\.gradle\native\c067742578af261105cb4f569cf0c3c89f3d7b1fecec35dd04571415982c5e48\windows-amd64\native-platform.dll
0x00007ffa9bc80000 - 0x00007ffa9bdc4000 	C:\Users\yuval\.gradle\native\100fb08df4bc3b14c8652ba06237920a3bd2aa13389f12d3474272988ae205f9\windows-amd64\native-platform-file-events.dll
0x00007ffad76d0000 - 0x00007ffad76d9000 	C:\Program Files\Android\Android Studio\jbr\bin\management.dll
0x00007ffad7650000 - 0x00007ffad765b000 	C:\Program Files\Android\Android Studio\jbr\bin\management_ext.dll
0x00007ffadfc20000 - 0x00007ffadfc28000 	C:\WINDOWS\System32\PSAPI.DLL
0x00007ffaddb90000 - 0x00007ffaddbac000 	C:\WINDOWS\SYSTEM32\CRYPTSP.dll
0x00007ffadd350000 - 0x00007ffadd388000 	C:\WINDOWS\system32\rsaenh.dll
0x00007ffadd990000 - 0x00007ffadd9bb000 	C:\WINDOWS\SYSTEM32\USERENV.dll
0x00007ffadddd0000 - 0x00007ffadddf6000 	C:\WINDOWS\SYSTEM32\bcrypt.dll
0x00007ffaddbb0000 - 0x00007ffaddbbc000 	C:\WINDOWS\SYSTEM32\CRYPTBASE.dll
0x00007ffadce80000 - 0x00007ffadceb2000 	C:\WINDOWS\SYSTEM32\IPHLPAPI.DLL
0x00007ffae0b70000 - 0x00007ffae0b7a000 	C:\WINDOWS\System32\NSI.dll
0x00007ffad7830000 - 0x00007ffad7839000 	C:\Program Files\Android\Android Studio\jbr\bin\extnet.dll
0x00007ffaaca90000 - 0x00007ffaaca98000 	C:\WINDOWS\system32\wshunix.dll

dbghelp: loaded successfully - version: 4.0.5 - missing functions: none
symbol engine: initialized successfully - sym options: 0x614 - pdb path: .;C:\Program Files\Android\Android Studio\jbr\bin;C:\WINDOWS\SYSTEM32;C:\WINDOWS\WinSxS\amd64_microsoft.windows.common-controls_6595b64144ccf1df_6.0.26100.2454_none_3e0b68a2e331ad60;C:\Program Files\Android\Android Studio\jbr\bin\server;C:\Users\yuval\.gradle\native\c067742578af261105cb4f569cf0c3c89f3d7b1fecec35dd04571415982c5e48\windows-amd64;C:\Users\yuval\.gradle\native\100fb08df4bc3b14c8652ba06237920a3bd2aa13389f12d3474272988ae205f9\windows-amd64

VM Arguments:
jvm_args: --add-opens=java.base/java.util=ALL-UNNAMED --add-opens=java.base/java.lang=ALL-UNNAMED --add-opens=java.base/java.lang.invoke=ALL-UNNAMED --add-opens=java.prefs/java.util.prefs=ALL-UNNAMED --add-exports=jdk.compiler/com.sun.tools.javac.api=ALL-UNNAMED --add-exports=jdk.compiler/com.sun.tools.javac.util=ALL-UNNAMED --add-opens=java.base/java.nio.charset=ALL-UNNAMED --add-opens=java.base/java.net=ALL-UNNAMED --add-opens=java.base/java.util.concurrent.atomic=ALL-UNNAMED -Xmx2048m -Dfile.encoding=UTF-8 -Duser.country=IL -Duser.language=he -Duser.variant -javaagent:C:\Users\yuval\.gradle\wrapper\dists\gradle-8.9-bin\90cnw93cvbtalezasaz0blq0a\gradle-8.9\lib\agents\gradle-instrumentation-agent-8.9.jar 
java_command: org.gradle.launcher.daemon.bootstrap.GradleDaemon 8.9
java_class_path (initial): C:\Users\yuval\.gradle\wrapper\dists\gradle-8.9-bin\90cnw93cvbtalezasaz0blq0a\gradle-8.9\lib\gradle-daemon-main-8.9.jar
Launcher Type: SUN_STANDARD

[Global flags]
     intx CICompilerCount                          = 4                                         {product} {ergonomic}
     uint ConcGCThreads                            = 2                                         {product} {ergonomic}
     uint G1ConcRefinementThreads                  = 8                                         {product} {ergonomic}
   size_t G1HeapRegionSize                         = 1048576                                   {product} {ergonomic}
    uintx GCDrainStackTargetSize                   = 64                                        {product} {ergonomic}
   size_t InitialHeapSize                          = 100663296                                 {product} {ergonomic}
   size_t MarkStackSize                            = 4194304                                   {product} {ergonomic}
   size_t MaxHeapSize                              = 2147483648                                {product} {command line}
   size_t MaxNewSize                               = 1287651328                                {product} {ergonomic}
   size_t MinHeapDeltaBytes                        = 1048576                                   {product} {ergonomic}
   size_t MinHeapSize                              = 8388608                                   {product} {ergonomic}
    uintx NonNMethodCodeHeapSize                   = 5839372                                {pd product} {ergonomic}
    uintx NonProfiledCodeHeapSize                  = 122909434                              {pd product} {ergonomic}
    uintx ProfiledCodeHeapSize                     = 122909434                              {pd product} {ergonomic}
    uintx ReservedCodeCacheSize                    = 251658240                              {pd product} {ergonomic}
     bool SegmentedCodeCache                       = true                                      {product} {ergonomic}
   size_t SoftMaxHeapSize                          = 2147483648                             {manageable} {ergonomic}
     bool UseCompressedOops                        = true                           {product lp64_product} {ergonomic}
     bool UseG1GC                                  = true                                      {product} {ergonomic}
     bool UseLargePagesIndividualAllocation        = false                                  {pd product} {ergonomic}

Logging:
Log output configuration:
 #0: stdout all=warning uptime,level,tags foldmultilines=false
 #1: stderr all=off uptime,level,tags foldmultilines=false

Environment Variables:
PATH=C:\Program Files\Common Files\Oracle\Java\javapath;C:\Program Files\Microsoft\jdk-11.0.16.101-hotspot\bin;C:\WINDOWS\system32;C:\WINDOWS;C:\WINDOWS\System32\Wbem;C:\WINDOWS\System32\WindowsPowerShell\v1.0\;C:\WINDOWS\System32\OpenSSH\;C:\Program Files\Microsoft SQL Server\Client SDK\ODBC\170\Tools\Binn\;C:\Program Files\Microsoft SQL Server\150\Tools\Binn\;C:\WINDOWS\system32;C:\WINDOWS;C:\WINDOWS\System32\Wbem;C:\WINDOWS\System32\WindowsPowerShell\v1.0\;C:\WINDOWS\System32\OpenSSH\;C:\Program Files\dotnet\;C:\Program Files\nodejs\;C:\Program Files (x86)\Microsoft SQL Server\150\DTS\Binn\;C:\Program Files\Microsoft SQL Server\150\DTS\Binn\;C:\Program Files (x86)\Microsoft SQL Server\150\Tools\Binn\;C:\Program Files (x86)\Microsoft SQL Server\160\DTS\Binn\;C:\Program Files\Azure Data Studio\bin;C:\Program Files\PowerShell\7\;C:\Program Files\Git\cmd;C:\Users\yuval\AppData\Local\Programs\Python\Python310\Scripts\;C:\Users\yuval\AppData\Local\Programs\Python\Python310\;C:\Users\yuval\AppData\Local\Microsoft\WindowsApps;;C:\Users\yuval\AppData\Local\Programs\Microsoft VS Code\bin;C:\Users\yuval\.dotnet\tools;C:\Users\yuval\AppData\Roaming\npm;C:\Program Files\Azure Data Studio\bin;C:\Program Files\JetBrains\PyCharm Community Edition 2023.2.5\bin;;C:\Program Files\JetBrains\IntelliJ IDEA 2023.3.4\bin;;C:\Program Files\JetBrains\IntelliJ IDEA Community Edition 2024.3\bin;
USERNAME=yuval
OS=Windows_NT
PROCESSOR_IDENTIFIER=AMD64 Family 23 Model 24 Stepping 1, AuthenticAMD
TMP=C:\Users\yuval\AppData\Local\Temp
TEMP=C:\Users\yuval\AppData\Local\Temp




Periodic native trim disabled

JNI global refs:
JNI global refs: 25, weak refs: 0

JNI global refs memory usage: 835, weak refs: 833

Process memory usage:
Resident Set Size: 168372K (2% of 6206224K total physical memory with 456244K free physical memory)

OOME stack traces (most recent first):
Classloader memory used:
Loader bootstrap                                                                       : 16581K
Loader org.gradle.internal.classloader.VisitableURLClassLoader                         : 9491K
Loader org.gradle.initialization.MixInLegacyTypesClassLoader                           : 756K
Loader jdk.internal.loader.ClassLoaders$AppClassLoader                                 : 230K
Loader jdk.internal.loader.ClassLoaders$PlatformClassLoader                            : 146K
Loader jdk.internal.reflect.DelegatingClassLoader                                      : 38008B

Classes loaded by more than one classloader:
Class org.gradle.internal.classloader.FilteringClassLoader                            : loaded 2 times (x 102B)
Class org.gradle.internal.classloader.ClassLoaderHierarchy                            : loaded 2 times (x 67B)
Class org.gradle.api.internal.classpath.ManifestUtil                                  : loaded 2 times (x 68B)
Class org.gradle.internal.classloader.DefaultClassLoaderFactory                       : loaded 2 times (x 79B)
Class org.gradle.internal.classloader.ClassLoaderVisitor                              : loaded 2 times (x 73B)
Class org.gradle.api.internal.classpath.EffectiveClassPath                            : loaded 2 times (x 87B)
Class org.gradle.api.internal.DefaultClassPathProvider                                : loaded 2 times (x 73B)
Class [Lorg.gradle.api.internal.ClassPathProvider;                                    : loaded 2 times (x 66B)
Class org.gradle.api.internal.ClassPathProvider                                       : loaded 2 times (x 67B)
Class org.gradle.internal.service.UnknownServiceException                             : loaded 2 times (x 80B)
Class org.gradle.internal.classpath.TransformedClassPath                              : loaded 2 times (x 93B)
Class org.gradle.internal.service.ServiceLocator                                      : loaded 2 times (x 67B)
Class org.gradle.internal.InternalTransformer                                         : loaded 2 times (x 67B)
Class org.gradle.internal.classloader.ClasspathUtil$1                                 : loaded 2 times (x 73B)
Class org.gradle.api.internal.classpath.DefaultModuleRegistry$DefaultModule           : loaded 2 times (x 83B)
Class org.gradle.api.internal.classpath.Module                                        : loaded 2 times (x 67B)
Class org.gradle.api.internal.classpath.UnknownModuleException                        : loaded 2 times (x 79B)
Class org.gradle.api.internal.DefaultClassPathRegistry                                : loaded 2 times (x 73B)
Class org.gradle.api.internal.ClassPathRegistry                                       : loaded 2 times (x 67B)
Class org.gradle.internal.classpath.DefaultClassPath$ImmutableUniqueList              : loaded 2 times (x 196B)
Class org.gradle.internal.classpath.ClassPath                                         : loaded 2 times (x 67B)
Class org.gradle.api.UncheckedIOException                                             : loaded 2 times (x 79B)
Class org.gradle.internal.installation.GradleInstallation$1                           : loaded 2 times (x 72B)
Class org.gradle.api.internal.classpath.ModuleRegistry                                : loaded 2 times (x 67B)
Class org.gradle.api.internal.classpath.DefaultModuleRegistry                         : loaded 2 times (x 80B)
Class org.gradle.internal.service.ServiceLookupException                              : loaded 2 times (x 79B)
Class org.gradle.internal.classloader.ClassLoaderFactory                              : loaded 2 times (x 67B)
Class org.gradle.internal.service.CachingServiceLocator                               : loaded 2 times (x 79B)
Class org.gradle.internal.classloader.ClasspathUtil                                   : loaded 2 times (x 68B)
Class org.gradle.api.specs.Spec                                                       : loaded 2 times (x 67B)
Class org.gradle.internal.classloader.VisitableURLClassLoader$InstrumentingVisitableURLClassLoader: loaded 2 times (x 120B)
Class org.gradle.internal.classloader.VisitableURLClassLoader$Spec                    : loaded 2 times (x 71B)
Class org.gradle.internal.classpath.DefaultClassPath                                  : loaded 2 times (x 87B)
Class org.gradle.internal.classloader.ClassLoaderSpec                                 : loaded 2 times (x 68B)
Class org.gradle.internal.classloader.VisitableURLClassLoader                         : loaded 2 times (x 114B)
Class org.gradle.internal.Cast                                                        : loaded 2 times (x 68B)
Class org.gradle.api.Action                                                           : loaded 2 times (x 67B)
Class org.gradle.internal.agents.InstrumentingClassLoader                             : loaded 2 times (x 67B)
Class org.gradle.internal.classpath.DefaultClassPath$ImmutableUniqueList$Builder      : loaded 2 times (x 72B)
Class org.gradle.api.GradleException                                                  : loaded 2 times (x 79B)
Class org.gradle.internal.IoActions                                                   : loaded 2 times (x 68B)
Class org.gradle.internal.classloader.SystemClassLoaderSpec                           : loaded 2 times (x 68B)
Class org.gradle.internal.installation.CurrentGradleInstallationLocator               : loaded 2 times (x 68B)
Class org.gradle.internal.service.DefaultServiceLocator                               : loaded 2 times (x 80B)
Class org.gradle.internal.installation.CurrentGradleInstallation                      : loaded 2 times (x 70B)
Class org.gradle.util.internal.GUtil                                                  : loaded 2 times (x 68B)
Class org.gradle.internal.installation.GradleInstallation                             : loaded 2 times (x 72B)

---------------  S Y S T E M  ---------------

OS:
 Windows 11 , 64 bit Build 26100 (10.0.26100.2454)
OS uptime: 3 days 22:37 hours

CPU: total 8 (initial active 8) (8 cores per cpu, 2 threads per core) family 23 model 24 stepping 1 microcode 0x8108109, cx8, cmov, fxsr, ht, mmx, 3dnowpref, sse, sse2, sse3, ssse3, sse4a, sse4.1, sse4.2, popcnt, lzcnt, tsc, tscinvbit, avx, avx2, aes, clmul, bmi1, bmi2, adx, sha, fma, vzeroupper, clflush, clflushopt, rdtscp, f16c
Processor Information for all 8 processors :
  Max Mhz: 2100, Current Mhz: 2100, Mhz Limit: 2100

Memory: 4k page, system-wide physical 6060M (445M free)
TotalPageFile size 24492M (AvailPageFile size 5M)
current process WorkingSet (physical memory assigned to process): 166M, peak: 169M
current process commit charge ("private bytes"): 224M, peak: 224M

vm_info: OpenJDK 64-Bit Server VM (21.0.3+-12282718-b509.11) for windows-amd64 JRE (21.0.3+-12282718-b509.11), built on 2024-08-27T17:34:15Z by "builder" with MS VC++ 16.10 / 16.11 (VS2019)

END.
