#
# There is insufficient memory for the Java Runtime Environment to continue.
# Native memory allocation (malloc) failed to allocate 1977904 bytes. Error detail: Chunk::new
# Possible reasons:
#   The system is out of physical RAM or swap space
#   This process is running with CompressedOops enabled, and the Java Heap may be blocking the growth of the native heap
# Possible solutions:
#   Reduce memory load on the system
#   Increase physical memory or swap space
#   Check if swap backing store is full
#   Decrease Java heap size (-Xmx/-Xms)
#   Decrease number of Java threads
#   Decrease Java thread stack sizes (-Xss)
#   Set larger code cache with -XX:ReservedCodeCacheSize=
#   JVM is running with Unscaled Compressed Oops mode in which the Java heap is
#     placed in the first 4GB address space. The Java Heap base address is the
#     maximum limit for the native heap growth. Please use -XX:HeapBaseMinAddress
#     to set the Java Heap base and to place the Java Heap above 4GB virtual address.
# This output file may be truncated or incomplete.
#
#  Out of Memory Error (arena.cpp:168), pid=1348, tid=23508
#
# JRE version: OpenJDK Runtime Environment (21.0.3) (build 21.0.3+-12282718-b509.11)
# Java VM: OpenJDK 64-Bit Server VM (21.0.3+-12282718-b509.11, mixed mode, tiered, compressed oops, compressed class ptrs, g1 gc, windows-amd64)
# No core dump will be written. Minidumps are not enabled by default on client versions of Windows
#

---------------  S U M M A R Y ------------

Command Line: --add-opens=java.base/java.util=ALL-UNNAMED --add-opens=java.base/java.lang=ALL-UNNAMED --add-opens=java.base/java.lang.invoke=ALL-UNNAMED --add-opens=java.prefs/java.util.prefs=ALL-UNNAMED --add-exports=jdk.compiler/com.sun.tools.javac.api=ALL-UNNAMED --add-exports=jdk.compiler/com.sun.tools.javac.util=ALL-UNNAMED --add-opens=java.base/java.nio.charset=ALL-UNNAMED --add-opens=java.base/java.net=ALL-UNNAMED --add-opens=java.base/java.util.concurrent.atomic=ALL-UNNAMED -Xmx2048m -Dfile.encoding=UTF-8 -Duser.country=IL -Duser.language=he -Duser.variant -javaagent:C:\Users\yuval\.gradle\wrapper\dists\gradle-8.9-bin\90cnw93cvbtalezasaz0blq0a\gradle-8.9\lib\agents\gradle-instrumentation-agent-8.9.jar org.gradle.launcher.daemon.bootstrap.GradleDaemon 8.9

Host: AMD Ryzen 5 3450U with Radeon Vega Mobile Gfx  , 8 cores, 5G,  Windows 11 , 64 bit Build 26100 (10.0.26100.2454)
Time: Mon Jan 20 16:57:13 2025  Windows 11 , 64 bit Build 26100 (10.0.26100.2454) elapsed time: 15.019105 seconds (0d 0h 0m 15s)

---------------  T H R E A D  ---------------

Current thread (0x00000209f918c700):  JavaThread "C2 CompilerThread0" daemon [_thread_in_native, id=23508, stack(0x000000d21da00000,0x000000d21db00000) (1024K)]


Current CompileTask:
C2:  15019 2883   !   4       java.net.URLClassLoader$1::run (81 bytes)

Stack: [0x000000d21da00000,0x000000d21db00000]
Native frames: (J=compiled Java code, j=interpreted, Vv=VM code, C=native code)
V  [jvm.dll+0x6cafb9]
V  [jvm.dll+0x858523]
V  [jvm.dll+0x85aa7e]
V  [jvm.dll+0x85b163]
V  [jvm.dll+0x27d356]
V  [jvm.dll+0xbf93d]
V  [jvm.dll+0xbfe73]
V  [jvm.dll+0x3b1ceb]
V  [jvm.dll+0x37e787]
V  [jvm.dll+0x37dbfa]
V  [jvm.dll+0x246b02]
V  [jvm.dll+0x2460d1]
V  [jvm.dll+0x1c5804]
V  [jvm.dll+0x25575c]
V  [jvm.dll+0x253c36]
V  [jvm.dll+0x3ec996]
V  [jvm.dll+0x800d78]
V  [jvm.dll+0x6c98cd]
C  [ucrtbase.dll+0x14ea0]
C  [KERNEL32.DLL+0x2e8d7]
C  [ntdll.dll+0xdfbcc]


---------------  P R O C E S S  ---------------

Threads class SMR info:
_java_thread_list=0x00000209ffe42060, length=27, elements={
0x00000209ee76b110, 0x00000209f91546c0, 0x00000209f91578d0, 0x00000209f91353b0,
0x00000209f9138230, 0x00000209f9139fa0, 0x00000209f913f5d0, 0x00000209f918c700,
0x00000209f918fa90, 0x00000209f92cc490, 0x00000209f96380a0, 0x00000209f96af2d0,
0x00000209f97153e0, 0x00000209f93d4890, 0x00000209ff007780, 0x00000209fe2adb80,
0x00000209ff015390, 0x00000209ff0549b0, 0x00000209ff055d60, 0x00000209ff0577a0,
0x00000209ff055040, 0x00000209ff057110, 0x00000209ff054320, 0x00000209ff0556d0,
0x00000209ff056a80, 0x00000209ff862fa0, 0x00000209f918e620
}

Java Threads: ( => current thread )
  0x00000209ee76b110 JavaThread "main"                              [_thread_blocked, id=27352, stack(0x000000d21cc00000,0x000000d21cd00000) (1024K)]
  0x00000209f91546c0 JavaThread "Reference Handler"          daemon [_thread_blocked, id=22304, stack(0x000000d21d400000,0x000000d21d500000) (1024K)]
  0x00000209f91578d0 JavaThread "Finalizer"                  daemon [_thread_blocked, id=26796, stack(0x000000d21d500000,0x000000d21d600000) (1024K)]
  0x00000209f91353b0 JavaThread "Signal Dispatcher"          daemon [_thread_blocked, id=23920, stack(0x000000d21d600000,0x000000d21d700000) (1024K)]
  0x00000209f9138230 JavaThread "Attach Listener"            daemon [_thread_blocked, id=22600, stack(0x000000d21d700000,0x000000d21d800000) (1024K)]
  0x00000209f9139fa0 JavaThread "Service Thread"             daemon [_thread_blocked, id=25580, stack(0x000000d21d800000,0x000000d21d900000) (1024K)]
  0x00000209f913f5d0 JavaThread "Monitor Deflation Thread"   daemon [_thread_blocked, id=24568, stack(0x000000d21d900000,0x000000d21da00000) (1024K)]
=>0x00000209f918c700 JavaThread "C2 CompilerThread0"         daemon [_thread_in_native, id=23508, stack(0x000000d21da00000,0x000000d21db00000) (1024K)]
  0x00000209f918fa90 JavaThread "C1 CompilerThread0"         daemon [_thread_blocked, id=12964, stack(0x000000d21db00000,0x000000d21dc00000) (1024K)]
  0x00000209f92cc490 JavaThread "Common-Cleaner"             daemon [_thread_blocked, id=7712, stack(0x000000d21dc00000,0x000000d21dd00000) (1024K)]
  0x00000209f96380a0 JavaThread "Notification Thread"        daemon [_thread_blocked, id=13120, stack(0x000000d21dd00000,0x000000d21de00000) (1024K)]
  0x00000209f96af2d0 JavaThread "Daemon health stats"               [_thread_blocked, id=11440, stack(0x000000d21e100000,0x000000d21e200000) (1024K)]
  0x00000209f97153e0 JavaThread "Incoming local TCP Connector on port 53172"        [_thread_in_native, id=20428, stack(0x000000d21e300000,0x000000d21e400000) (1024K)]
  0x00000209f93d4890 JavaThread "Daemon periodic checks"            [_thread_blocked, id=28484, stack(0x000000d21e700000,0x000000d21e800000) (1024K)]
  0x00000209ff007780 JavaThread "Daemon"                            [_thread_blocked, id=1572, stack(0x000000d21e800000,0x000000d21e900000) (1024K)]
  0x00000209fe2adb80 JavaThread "Handler for socket connection from /127.0.0.1:53172 to /127.0.0.1:53179"        [_thread_in_native, id=19568, stack(0x000000d21e900000,0x000000d21ea00000) (1024K)]
  0x00000209ff015390 JavaThread "Cancel handler"                    [_thread_blocked, id=24692, stack(0x000000d21ea00000,0x000000d21eb00000) (1024K)]
  0x00000209ff0549b0 JavaThread "Daemon worker"                     [_thread_in_native, id=26096, stack(0x000000d21eb00000,0x000000d21ec00000) (1024K)]
  0x00000209ff055d60 JavaThread "Asynchronous log dispatcher for DefaultDaemonConnection: socket connection from /127.0.0.1:53172 to /127.0.0.1:53179"        [_thread_blocked, id=17460, stack(0x000000d21ec00000,0x000000d21ed00000) (1024K)]
  0x00000209ff0577a0 JavaThread "Stdin handler"                     [_thread_blocked, id=21248, stack(0x000000d21ed00000,0x000000d21ee00000) (1024K)]
  0x00000209ff055040 JavaThread "Daemon client event forwarder"        [_thread_blocked, id=28392, stack(0x000000d21ee00000,0x000000d21ef00000) (1024K)]
  0x00000209ff057110 JavaThread "Cache worker for journal cache (C:\Users\yuval\.gradle\caches\journal-1)"        [_thread_blocked, id=5304, stack(0x000000d21f000000,0x000000d21f100000) (1024K)]
  0x00000209ff054320 JavaThread "File lock request listener"        [_thread_in_native, id=19884, stack(0x000000d21f100000,0x000000d21f200000) (1024K)]
  0x00000209ff0556d0 JavaThread "Cache worker for file hash cache (C:\Users\yuval\.gradle\caches\8.9\fileHashes)"        [_thread_blocked, id=17728, stack(0x000000d21f200000,0x000000d21f300000) (1024K)]
  0x00000209ff056a80 JavaThread "Cache worker for file hash cache (C:\Users\yuval\AndroidStudioProjects\NeighborHub\.gradle\8.9\fileHashes)"        [_thread_blocked, id=23328, stack(0x000000d21f300000,0x000000d21f400000) (1024K)]
  0x00000209ff862fa0 JavaThread "Cache worker for Build Output Cleanup Cache (C:\Users\yuval\AndroidStudioProjects\NeighborHub\.gradle\buildOutputCleanup)"        [_thread_blocked, id=28568, stack(0x000000d21f400000,0x000000d21f500000) (1024K)]
  0x00000209f918e620 JavaThread "C2 CompilerThread1"         daemon [_thread_in_native, id=22380, stack(0x000000d21f500000,0x000000d21f600000) (1024K)]
Total: 27

Other Threads:
  0x00000209f8f7f890 VMThread "VM Thread"                           [id=10592, stack(0x000000d21d300000,0x000000d21d400000) (1024K)]
  0x00000209f8f15f20 WatcherThread "VM Periodic Task Thread"        [id=23196, stack(0x000000d21d200000,0x000000d21d300000) (1024K)]
  0x00000209f01359a0 WorkerThread "GC Thread#0"                     [id=26504, stack(0x000000d21cd00000,0x000000d21ce00000) (1024K)]
  0x00000209f9dfea10 WorkerThread "GC Thread#1"                     [id=7648, stack(0x000000d21de00000,0x000000d21df00000) (1024K)]
  0x00000209f98133b0 WorkerThread "GC Thread#2"                     [id=14220, stack(0x000000d21df00000,0x000000d21e000000) (1024K)]
  0x00000209f99a2cd0 WorkerThread "GC Thread#3"                     [id=21184, stack(0x000000d21e000000,0x000000d21e100000) (1024K)]
  0x00000209fe64f070 WorkerThread "GC Thread#4"                     [id=22140, stack(0x000000d21e200000,0x000000d21e300000) (1024K)]
  0x00000209f985f2f0 WorkerThread "GC Thread#5"                     [id=22000, stack(0x000000d21e400000,0x000000d21e500000) (1024K)]
  0x00000209fea88040 WorkerThread "GC Thread#6"                     [id=5284, stack(0x000000d21e500000,0x000000d21e600000) (1024K)]
  0x00000209fe995e20 WorkerThread "GC Thread#7"                     [id=12324, stack(0x000000d21e600000,0x000000d21e700000) (1024K)]
  0x00000209f01476d0 ConcurrentGCThread "G1 Main Marker"            [id=25084, stack(0x000000d21ce00000,0x000000d21cf00000) (1024K)]
  0x00000209f0149890 WorkerThread "G1 Conc#0"                       [id=10368, stack(0x000000d21cf00000,0x000000d21d000000) (1024K)]
  0x00000209ff03a2b0 WorkerThread "G1 Conc#1"                       [id=972, stack(0x000000d21ef00000,0x000000d21f000000) (1024K)]
  0x00000209f8de9100 ConcurrentGCThread "G1 Refine#0"               [id=12476, stack(0x000000d21d000000,0x000000d21d100000) (1024K)]
  0x00000209f8de9a80 ConcurrentGCThread "G1 Service"                [id=18960, stack(0x000000d21d100000,0x000000d21d200000) (1024K)]
Total: 15

Threads with active compile tasks:
C2 CompilerThread0    15108 2883   !   4       java.net.URLClassLoader$1::run (81 bytes)
C2 CompilerThread1    15108 3157       4       java.lang.invoke.MethodType::insertParameterTypes (121 bytes)
Total: 2

VM state: not at safepoint (normal execution)

VM Mutex/Monitor currently owned by a thread: None

Heap address: 0x0000000080000000, size: 2048 MB, Compressed Oops mode: 32-bit

CDS archive(s) not mapped
Compressed class space mapped at: 0x0000000100000000-0x0000000140000000, reserved size: 1073741824
Narrow klass base: 0x0000000000000000, Narrow klass shift: 3, Narrow klass range: 0x140000000

GC Precious Log:
 CardTable entry size: 512
 Card Set container configuration: InlinePtr #cards 5 size 8 Array Of Cards #cards 12 size 40 Howl #buckets 4 coarsen threshold 1843 Howl Bitmap #cards 512 size 80 coarsen threshold 460 Card regions per heap region 1 cards per card region 2048
 CPUs: 8 total, 8 available
 Memory: 6060M
 Large Page Support: Disabled
 NUMA Support: Disabled
 Compressed Oops: Enabled (32-bit)
 Heap Region Size: 1M
 Heap Min Capacity: 8M
 Heap Initial Capacity: 96M
 Heap Max Capacity: 2G
 Pre-touch: Disabled
 Parallel Workers: 8
 Concurrent Workers: 2
 Concurrent Refinement Workers: 8
 Periodic GC: Disabled

Heap:
 garbage-first heap   total 78848K, used 55340K [0x0000000080000000, 0x0000000100000000)
  region size 1024K, 36 young (36864K), 4 survivors (4096K)
 Metaspace       used 33180K, committed 33984K, reserved 1114112K
  class space    used 4401K, committed 4800K, reserved 1048576K

Heap Regions: E=young(eden), S=young(survivor), O=old, HS=humongous(starts), HC=humongous(continues), CS=collection set, F=free, TAMS=top-at-mark-start, PB=parsable bottom
|   0|0x0000000080000000, 0x0000000080100000, 0x0000000080100000|100%|HS|  |TAMS 0x0000000080000000| PB 0x0000000080000000| Complete 
|   1|0x0000000080100000, 0x0000000080200000, 0x0000000080200000|100%|HC|  |TAMS 0x0000000080100000| PB 0x0000000080100000| Complete 
|   2|0x0000000080200000, 0x0000000080300000, 0x0000000080300000|100%|HC|  |TAMS 0x0000000080200000| PB 0x0000000080200000| Complete 
|   3|0x0000000080300000, 0x0000000080400000, 0x0000000080400000|100%|HC|  |TAMS 0x0000000080300000| PB 0x0000000080300000| Complete 
|   4|0x0000000080400000, 0x0000000080500000, 0x0000000080500000|100%| O|  |TAMS 0x0000000080400000| PB 0x0000000080400000| Untracked 
|   5|0x0000000080500000, 0x0000000080600000, 0x0000000080600000|100%| O|  |TAMS 0x0000000080500000| PB 0x0000000080500000| Untracked 
|   6|0x0000000080600000, 0x0000000080700000, 0x0000000080700000|100%| O|  |TAMS 0x0000000080600000| PB 0x0000000080600000| Untracked 
|   7|0x0000000080700000, 0x0000000080800000, 0x0000000080800000|100%| O|  |TAMS 0x0000000080700000| PB 0x0000000080700000| Untracked 
|   8|0x0000000080800000, 0x0000000080900000, 0x0000000080900000|100%| O|  |TAMS 0x0000000080800000| PB 0x0000000080800000| Untracked 
|   9|0x0000000080900000, 0x0000000080a00000, 0x0000000080a00000|100%| O|  |TAMS 0x0000000080900000| PB 0x0000000080900000| Untracked 
|  10|0x0000000080a00000, 0x0000000080b00000, 0x0000000080b00000|100%| O|  |TAMS 0x0000000080a00000| PB 0x0000000080a00000| Untracked 
|  11|0x0000000080b00000, 0x0000000080c00000, 0x0000000080c00000|100%|HS|  |TAMS 0x0000000080b00000| PB 0x0000000080b00000| Complete 
|  12|0x0000000080c00000, 0x0000000080d00000, 0x0000000080d00000|100%| O|  |TAMS 0x0000000080c00000| PB 0x0000000080c00000| Untracked 
|  13|0x0000000080d00000, 0x0000000080e00000, 0x0000000080e00000|100%| O|  |TAMS 0x0000000080d00000| PB 0x0000000080d00000| Untracked 
|  14|0x0000000080e00000, 0x0000000080f00000, 0x0000000080f00000|100%| O|  |TAMS 0x0000000080e00000| PB 0x0000000080e00000| Untracked 
|  15|0x0000000080f00000, 0x0000000081000000, 0x0000000081000000|100%| O|  |TAMS 0x0000000080f00000| PB 0x0000000080f00000| Untracked 
|  16|0x0000000081000000, 0x0000000081100000, 0x0000000081100000|100%| O|  |TAMS 0x0000000081000000| PB 0x0000000081000000| Untracked 
|  17|0x0000000081100000, 0x0000000081200000, 0x0000000081200000|100%| O|  |TAMS 0x0000000081100000| PB 0x0000000081100000| Untracked 
|  18|0x0000000081200000, 0x0000000081300000, 0x0000000081300000|100%| O|  |TAMS 0x0000000081200000| PB 0x0000000081200000| Untracked 
|  19|0x0000000081300000, 0x000000008136cd00, 0x0000000081400000| 42%| O|Cm|TAMS 0x0000000081300000| PB 0x0000000081300000| Complete 
|  20|0x0000000081400000, 0x0000000081400000, 0x0000000081500000|  0%| F|  |TAMS 0x0000000081400000| PB 0x0000000081400000| Untracked 
|  21|0x0000000081500000, 0x0000000081500000, 0x0000000081600000|  0%| F|  |TAMS 0x0000000081500000| PB 0x0000000081500000| Untracked 
|  22|0x0000000081600000, 0x0000000081600000, 0x0000000081700000|  0%| F|  |TAMS 0x0000000081600000| PB 0x0000000081600000| Untracked 
|  23|0x0000000081700000, 0x0000000081700000, 0x0000000081800000|  0%| F|  |TAMS 0x0000000081700000| PB 0x0000000081700000| Untracked 
|  24|0x0000000081800000, 0x0000000081800000, 0x0000000081900000|  0%| F|  |TAMS 0x0000000081800000| PB 0x0000000081800000| Untracked 
|  25|0x0000000081900000, 0x0000000081900000, 0x0000000081a00000|  0%| F|  |TAMS 0x0000000081900000| PB 0x0000000081900000| Untracked 
|  26|0x0000000081a00000, 0x0000000081a00000, 0x0000000081b00000|  0%| F|  |TAMS 0x0000000081a00000| PB 0x0000000081a00000| Untracked 
|  27|0x0000000081b00000, 0x0000000081b9e4b0, 0x0000000081c00000| 61%| S|CS|TAMS 0x0000000081b00000| PB 0x0000000081b00000| Complete 
|  28|0x0000000081c00000, 0x0000000081d00000, 0x0000000081d00000|100%| S|CS|TAMS 0x0000000081c00000| PB 0x0000000081c00000| Complete 
|  29|0x0000000081d00000, 0x0000000081e00000, 0x0000000081e00000|100%| S|CS|TAMS 0x0000000081d00000| PB 0x0000000081d00000| Complete 
|  30|0x0000000081e00000, 0x0000000081f00000, 0x0000000081f00000|100%| S|CS|TAMS 0x0000000081e00000| PB 0x0000000081e00000| Complete 
|  31|0x0000000081f00000, 0x0000000081f00000, 0x0000000082000000|  0%| F|  |TAMS 0x0000000081f00000| PB 0x0000000081f00000| Untracked 
|  32|0x0000000082000000, 0x0000000082000000, 0x0000000082100000|  0%| F|  |TAMS 0x0000000082000000| PB 0x0000000082000000| Untracked 
|  33|0x0000000082100000, 0x0000000082100000, 0x0000000082200000|  0%| F|  |TAMS 0x0000000082100000| PB 0x0000000082100000| Untracked 
|  34|0x0000000082200000, 0x0000000082200000, 0x0000000082300000|  0%| F|  |TAMS 0x0000000082200000| PB 0x0000000082200000| Untracked 
|  35|0x0000000082300000, 0x0000000082300000, 0x0000000082400000|  0%| F|  |TAMS 0x0000000082300000| PB 0x0000000082300000| Untracked 
|  36|0x0000000082400000, 0x0000000082400000, 0x0000000082500000|  0%| F|  |TAMS 0x0000000082400000| PB 0x0000000082400000| Untracked 
|  37|0x0000000082500000, 0x0000000082500000, 0x0000000082600000|  0%| F|  |TAMS 0x0000000082500000| PB 0x0000000082500000| Untracked 
|  38|0x0000000082600000, 0x0000000082600000, 0x0000000082700000|  0%| F|  |TAMS 0x0000000082600000| PB 0x0000000082600000| Untracked 
|  39|0x0000000082700000, 0x0000000082700000, 0x0000000082800000|  0%| F|  |TAMS 0x0000000082700000| PB 0x0000000082700000| Untracked 
|  40|0x0000000082800000, 0x0000000082800000, 0x0000000082900000|  0%| F|  |TAMS 0x0000000082800000| PB 0x0000000082800000| Untracked 
|  41|0x0000000082900000, 0x0000000082900000, 0x0000000082a00000|  0%| F|  |TAMS 0x0000000082900000| PB 0x0000000082900000| Untracked 
|  42|0x0000000082a00000, 0x0000000082a00000, 0x0000000082b00000|  0%| F|  |TAMS 0x0000000082a00000| PB 0x0000000082a00000| Untracked 
|  43|0x0000000082b00000, 0x0000000082b00000, 0x0000000082c00000|  0%| F|  |TAMS 0x0000000082b00000| PB 0x0000000082b00000| Untracked 
|  44|0x0000000082c00000, 0x0000000082c80800, 0x0000000082d00000| 50%| E|  |TAMS 0x0000000082c00000| PB 0x0000000082c00000| Complete 
|  45|0x0000000082d00000, 0x0000000082e00000, 0x0000000082e00000|100%| E|CS|TAMS 0x0000000082d00000| PB 0x0000000082d00000| Complete 
|  46|0x0000000082e00000, 0x0000000082f00000, 0x0000000082f00000|100%| E|CS|TAMS 0x0000000082e00000| PB 0x0000000082e00000| Complete 
|  47|0x0000000082f00000, 0x0000000083000000, 0x0000000083000000|100%| E|CS|TAMS 0x0000000082f00000| PB 0x0000000082f00000| Complete 
|  48|0x0000000083000000, 0x0000000083100000, 0x0000000083100000|100%| E|CS|TAMS 0x0000000083000000| PB 0x0000000083000000| Complete 
|  49|0x0000000083100000, 0x0000000083200000, 0x0000000083200000|100%| E|CS|TAMS 0x0000000083100000| PB 0x0000000083100000| Complete 
|  50|0x0000000083200000, 0x0000000083300000, 0x0000000083300000|100%| E|CS|TAMS 0x0000000083200000| PB 0x0000000083200000| Complete 
|  51|0x0000000083300000, 0x0000000083400000, 0x0000000083400000|100%| E|CS|TAMS 0x0000000083300000| PB 0x0000000083300000| Complete 
|  52|0x0000000083400000, 0x0000000083500000, 0x0000000083500000|100%| E|CS|TAMS 0x0000000083400000| PB 0x0000000083400000| Complete 
|  53|0x0000000083500000, 0x0000000083600000, 0x0000000083600000|100%| E|CS|TAMS 0x0000000083500000| PB 0x0000000083500000| Complete 
|  54|0x0000000083600000, 0x0000000083700000, 0x0000000083700000|100%| E|CS|TAMS 0x0000000083600000| PB 0x0000000083600000| Complete 
|  55|0x0000000083700000, 0x0000000083800000, 0x0000000083800000|100%| E|CS|TAMS 0x0000000083700000| PB 0x0000000083700000| Complete 
|  56|0x0000000083800000, 0x0000000083900000, 0x0000000083900000|100%| E|CS|TAMS 0x0000000083800000| PB 0x0000000083800000| Complete 
|  57|0x0000000083900000, 0x0000000083a00000, 0x0000000083a00000|100%| E|CS|TAMS 0x0000000083900000| PB 0x0000000083900000| Complete 
|  58|0x0000000083a00000, 0x0000000083b00000, 0x0000000083b00000|100%| E|CS|TAMS 0x0000000083a00000| PB 0x0000000083a00000| Complete 
|  59|0x0000000083b00000, 0x0000000083c00000, 0x0000000083c00000|100%| E|CS|TAMS 0x0000000083b00000| PB 0x0000000083b00000| Complete 
|  60|0x0000000083c00000, 0x0000000083d00000, 0x0000000083d00000|100%| E|CS|TAMS 0x0000000083c00000| PB 0x0000000083c00000| Complete 
|  61|0x0000000083d00000, 0x0000000083e00000, 0x0000000083e00000|100%| E|CS|TAMS 0x0000000083d00000| PB 0x0000000083d00000| Complete 
|  62|0x0000000083e00000, 0x0000000083f00000, 0x0000000083f00000|100%| E|CS|TAMS 0x0000000083e00000| PB 0x0000000083e00000| Complete 
|  63|0x0000000083f00000, 0x0000000084000000, 0x0000000084000000|100%| E|CS|TAMS 0x0000000083f00000| PB 0x0000000083f00000| Complete 
|  64|0x0000000084000000, 0x0000000084100000, 0x0000000084100000|100%| E|CS|TAMS 0x0000000084000000| PB 0x0000000084000000| Complete 
|  65|0x0000000084100000, 0x0000000084200000, 0x0000000084200000|100%| E|CS|TAMS 0x0000000084100000| PB 0x0000000084100000| Complete 
|  66|0x0000000084200000, 0x0000000084300000, 0x0000000084300000|100%| E|CS|TAMS 0x0000000084200000| PB 0x0000000084200000| Complete 
|  67|0x0000000084300000, 0x0000000084400000, 0x0000000084400000|100%| E|CS|TAMS 0x0000000084300000| PB 0x0000000084300000| Complete 
|  68|0x0000000084400000, 0x0000000084500000, 0x0000000084500000|100%| E|CS|TAMS 0x0000000084400000| PB 0x0000000084400000| Complete 
|  69|0x0000000084500000, 0x0000000084600000, 0x0000000084600000|100%| E|CS|TAMS 0x0000000084500000| PB 0x0000000084500000| Complete 
|  70|0x0000000084600000, 0x0000000084700000, 0x0000000084700000|100%| E|CS|TAMS 0x0000000084600000| PB 0x0000000084600000| Complete 
|  71|0x0000000084700000, 0x0000000084800000, 0x0000000084800000|100%| E|CS|TAMS 0x0000000084700000| PB 0x0000000084700000| Complete 
|  72|0x0000000084800000, 0x0000000084900000, 0x0000000084900000|100%| E|CS|TAMS 0x0000000084800000| PB 0x0000000084800000| Complete 
|  73|0x0000000084900000, 0x0000000084a00000, 0x0000000084a00000|100%| E|CS|TAMS 0x0000000084900000| PB 0x0000000084900000| Complete 
|  85|0x0000000085500000, 0x0000000085600000, 0x0000000085600000|100%| E|CS|TAMS 0x0000000085500000| PB 0x0000000085500000| Complete 
|  86|0x0000000085600000, 0x0000000085700000, 0x0000000085700000|100%| E|CS|TAMS 0x0000000085600000| PB 0x0000000085600000| Complete 
|  95|0x0000000085f00000, 0x0000000086000000, 0x0000000086000000|100%| E|CS|TAMS 0x0000000085f00000| PB 0x0000000085f00000| Complete 

Card table byte_map: [0x00000209f4140000,0x00000209f4540000] _byte_map_base: 0x00000209f3d40000

Marking Bits: (CMBitMap*) 0x00000209f0135fb0
 Bits: [0x00000209f4540000, 0x00000209f6540000)

Polling page: 0x00000209ee860000

Metaspace:

Usage:
  Non-class:     28.13 MB used.
      Class:      4.31 MB used.
       Both:     32.44 MB used.

Virtual space:
  Non-class space:       64.00 MB reserved,      28.50 MB ( 45%) committed,  1 nodes.
      Class space:        1.00 GB reserved,       4.69 MB ( <1%) committed,  1 nodes.
             Both:        1.06 GB reserved,      33.19 MB (  3%) committed. 

Chunk freelists:
   Non-Class:  3.44 MB
       Class:  11.27 MB
        Both:  14.71 MB

MaxMetaspaceSize: unlimited
CompressedClassSpaceSize: 1.00 GB
Initial GC threshold: 21.00 MB
Current GC threshold: 35.12 MB
CDS: off
 - commit_granule_bytes: 65536.
 - commit_granule_words: 8192.
 - virtual_space_node_default_size: 8388608.
 - enlarge_chunks_in_place: 1.
 - use_allocation_guard: 0.


Internal statistics:

num_allocs_failed_limit: 3.
num_arena_births: 1260.
num_arena_deaths: 0.
num_vsnodes_births: 2.
num_vsnodes_deaths: 0.
num_space_committed: 532.
num_space_uncommitted: 0.
num_chunks_returned_to_freelist: 3.
num_chunks_taken_from_freelist: 2262.
num_chunk_merges: 3.
num_chunk_splits: 1455.
num_chunks_enlarged: 928.
num_inconsistent_stats: 0.

CodeHeap 'non-profiled nmethods': size=120000Kb used=1515Kb max_used=1515Kb free=118484Kb
 bounds [0x0000020987ad0000, 0x0000020987d40000, 0x000002098f000000]
CodeHeap 'profiled nmethods': size=120000Kb used=6372Kb max_used=6372Kb free=113627Kb
 bounds [0x0000020980000000, 0x0000020980640000, 0x0000020987530000]
CodeHeap 'non-nmethods': size=5760Kb used=1482Kb max_used=1532Kb free=4277Kb
 bounds [0x0000020987530000, 0x00000209877a0000, 0x0000020987ad0000]
 total_blobs=3732 nmethods=3154 adapters=482
 compilation: enabled
              stopped_count=0, restarted_count=0
 full_count=0

Compilation events (20 events):
Event: 13.990 Thread 0x00000209f918fa90 3116       3       java.util.concurrent.ConcurrentLinkedQueue::add (6 bytes)
Event: 13.991 Thread 0x00000209f918fa90 nmethod 3116 0x0000020980621990 code [0x0000020980621b40, 0x0000020980621c98]
Event: 13.991 Thread 0x00000209f918fa90 3118       3       java.util.concurrent.ConcurrentLinkedQueue$Node::<init> (13 bytes)
Event: 13.992 Thread 0x00000209f918fa90 nmethod 3118 0x0000020980621d90 code [0x0000020980622000, 0x0000020980622950]
Event: 13.993 Thread 0x00000209f918fa90 3119       3       java.lang.invoke.VarHandleReferences$FieldInstanceReadWrite::set (35 bytes)
Event: 13.994 Thread 0x00000209f918fa90 nmethod 3119 0x0000020980622c90 code [0x0000020980622ec0, 0x00000209806236b0]
Event: 14.096 Thread 0x00000209f918fa90 3121       3       jdk.internal.misc.Unsafe::getAndBitwiseAndInt (27 bytes)
Event: 14.096 Thread 0x00000209f918fa90 nmethod 3121 0x0000020980623990 code [0x0000020980623b40, 0x0000020980623d70]
Event: 14.126 Thread 0x00000209f918fa90 3122       3       java.util.concurrent.locks.AbstractQueuedSynchronizer$Node::getAndUnsetStatus (14 bytes)
Event: 14.127 Thread 0x00000209f918fa90 nmethod 3122 0x0000020980623e90 code [0x0000020980624060, 0x0000020980624310]
Event: 14.142 Thread 0x00000209f918fa90 3123   !   3       java.util.concurrent.locks.AbstractQueuedSynchronizer$ConditionObject::newConditionNode (78 bytes)
Event: 14.143 Thread 0x00000209f918fa90 nmethod 3123 0x0000020980624410 code [0x0000020980624680, 0x0000020980624e58]
Event: 14.143 Thread 0x00000209f918fa90 3124   !   3       java.util.concurrent.locks.AbstractQueuedSynchronizer::tryInitializeHead (66 bytes)
Event: 14.144 Thread 0x00000209f918fa90 nmethod 3124 0x0000020980625110 code [0x0000020980625300, 0x00000209806258b0]
Event: 14.203 Thread 0x00000209f918fa90 3125       3       java.util.concurrent.locks.AbstractQueuedSynchronizer$Node::clearStatus (12 bytes)
Event: 14.203 Thread 0x00000209f918fa90 nmethod 3125 0x0000020980625a90 code [0x0000020980625c40, 0x0000020980625df0]
Event: 14.203 Thread 0x00000209f918fa90 3126       3       jdk.internal.misc.Unsafe::putIntOpaque (9 bytes)
Event: 14.204 Thread 0x00000209f918fa90 nmethod 3126 0x0000020980625e90 code [0x0000020980626020, 0x0000020980626138]
Event: 14.234 Thread 0x00000209f918fa90 3127   !   3       java.util.concurrent.locks.AbstractQueuedSynchronizer::acquire (424 bytes)
Event: 15.005 Thread 0x00000209f918fa90 nmethod 3127 0x0000020980626210 code [0x00000209806265c0, 0x0000020980627ea0]

GC Heap History (10 events):
Event: 1.691 GC heap before
{Heap before GC invocations=0 (full 0):
 garbage-first heap   total 98304K, used 26624K [0x0000000080000000, 0x0000000100000000)
  region size 1024K, 23 young (23552K), 0 survivors (0K)
 Metaspace       used 8147K, committed 8320K, reserved 1114112K
  class space    used 740K, committed 832K, reserved 1048576K
}
Event: 1.703 GC heap after
{Heap after GC invocations=1 (full 0):
 garbage-first heap   total 98304K, used 10304K [0x0000000080000000, 0x0000000100000000)
  region size 1024K, 3 young (3072K), 3 survivors (3072K)
 Metaspace       used 8147K, committed 8320K, reserved 1114112K
  class space    used 740K, committed 832K, reserved 1048576K
}
Event: 3.150 GC heap before
{Heap before GC invocations=1 (full 0):
 garbage-first heap   total 98304K, used 38976K [0x0000000080000000, 0x0000000100000000)
  region size 1024K, 32 young (32768K), 3 survivors (3072K)
 Metaspace       used 12063K, committed 12288K, reserved 1114112K
  class space    used 1282K, committed 1408K, reserved 1048576K
}
Event: 3.158 GC heap after
{Heap after GC invocations=2 (full 0):
 garbage-first heap   total 98304K, used 12003K [0x0000000080000000, 0x0000000100000000)
  region size 1024K, 2 young (2048K), 2 survivors (2048K)
 Metaspace       used 12063K, committed 12288K, reserved 1114112K
  class space    used 1282K, committed 1408K, reserved 1048576K
}
Event: 10.276 GC heap before
{Heap before GC invocations=2 (full 0):
 garbage-first heap   total 98304K, used 70371K [0x0000000080000000, 0x0000000100000000)
  region size 1024K, 57 young (58368K), 2 survivors (2048K)
 Metaspace       used 19184K, committed 19520K, reserved 1114112K
  class space    used 2168K, committed 2304K, reserved 1048576K
}
Event: 10.287 GC heap after
{Heap after GC invocations=3 (full 0):
 garbage-first heap   total 98304K, used 19910K [0x0000000080000000, 0x0000000100000000)
  region size 1024K, 8 young (8192K), 8 survivors (8192K)
 Metaspace       used 19184K, committed 19520K, reserved 1114112K
  class space    used 2168K, committed 2304K, reserved 1048576K
}
Event: 10.582 GC heap before
{Heap before GC invocations=3 (full 0):
 garbage-first heap   total 98304K, used 28102K [0x0000000080000000, 0x0000000100000000)
  region size 1024K, 17 young (17408K), 8 survivors (8192K)
 Metaspace       used 21176K, committed 21504K, reserved 1114112K
  class space    used 2442K, committed 2624K, reserved 1048576K
}
Event: 10.592 GC heap after
{Heap after GC invocations=4 (full 0):
 garbage-first heap   total 98304K, used 21262K [0x0000000080000000, 0x0000000100000000)
  region size 1024K, 2 young (2048K), 2 survivors (2048K)
 Metaspace       used 21176K, committed 21504K, reserved 1114112K
  class space    used 2442K, committed 2624K, reserved 1048576K
}
Event: 12.532 GC heap before
{Heap before GC invocations=5 (full 0):
 garbage-first heap   total 78848K, used 65294K [0x0000000080000000, 0x0000000100000000)
  region size 1024K, 46 young (47104K), 2 survivors (2048K)
 Metaspace       used 28824K, committed 29440K, reserved 1114112K
  class space    used 3665K, committed 3968K, reserved 1048576K
}
Event: 12.539 GC heap after
{Heap after GC invocations=6 (full 0):
 garbage-first heap   total 78848K, used 23596K [0x0000000080000000, 0x0000000100000000)
  region size 1024K, 4 young (4096K), 4 survivors (4096K)
 Metaspace       used 28824K, committed 29440K, reserved 1114112K
  class space    used 3665K, committed 3968K, reserved 1048576K
}

Dll operation events (3 events):
Event: 0.034 Loaded shared library C:\Program Files\Android\Android Studio\jbr\bin\java.dll
Event: 0.049 Loaded shared library C:\Program Files\Android\Android Studio\jbr\bin\zip.dll
Event: 1.666 Loaded shared library C:\Program Files\Android\Android Studio\jbr\bin\verify.dll

Deoptimization events (20 events):
Event: 11.404 Thread 0x00000209ff0549b0 DEOPT PACKING pc=0x0000020987b57b90 sp=0x000000d21ebfba10
Event: 11.404 Thread 0x00000209ff0549b0 DEOPT UNPACKING pc=0x00000209875846a2 sp=0x000000d21ebfb9e0 mode 2
Event: 11.550 Thread 0x00000209ff0549b0 Uncommon trap: trap_request=0xffffff45 fr.pc=0x0000020987af5c10 relative=0x00000000000000f0
Event: 11.550 Thread 0x00000209ff0549b0 Uncommon trap: reason=unstable_if action=reinterpret pc=0x0000020987af5c10 method=java.util.HashMap.hash(Ljava/lang/Object;)I @ 1 c2
Event: 11.550 Thread 0x00000209ff0549b0 DEOPT PACKING pc=0x0000020987af5c10 sp=0x000000d21ebfc830
Event: 11.550 Thread 0x00000209ff0549b0 DEOPT UNPACKING pc=0x00000209875846a2 sp=0x000000d21ebfc770 mode 2
Event: 13.275 Thread 0x00000209ff0549b0 Uncommon trap: trap_request=0xffffff45 fr.pc=0x0000020987bef888 relative=0x0000000000000768
Event: 13.275 Thread 0x00000209ff0549b0 Uncommon trap: reason=unstable_if action=reinterpret pc=0x0000020987bef888 method=java.util.HashMap.putVal(ILjava/lang/Object;Ljava/lang/Object;ZZ)Ljava/lang/Object; @ 206 c2
Event: 13.275 Thread 0x00000209ff0549b0 DEOPT PACKING pc=0x0000020987bef888 sp=0x000000d21ebfb8a0
Event: 13.275 Thread 0x00000209ff0549b0 DEOPT UNPACKING pc=0x00000209875846a2 sp=0x000000d21ebfb828 mode 2
Event: 13.290 Thread 0x00000209ff0549b0 Uncommon trap: trap_request=0xffffffcc fr.pc=0x0000020987c24fec relative=0x000000000000032c
Event: 13.290 Thread 0x00000209ff0549b0 Uncommon trap: reason=intrinsic_or_type_checked_inlining action=make_not_entrant pc=0x0000020987c24fec method=java.util.Arrays.copyOf([Ljava/lang/Object;ILjava/lang/Class;)[Ljava/lang/Object; @ 35 c2
Event: 13.290 Thread 0x00000209ff0549b0 DEOPT PACKING pc=0x0000020987c24fec sp=0x000000d21ebfbaf0
Event: 13.290 Thread 0x00000209ff0549b0 DEOPT UNPACKING pc=0x00000209875846a2 sp=0x000000d21ebfba80 mode 2
Event: 13.533 Thread 0x00000209ff0549b0 Uncommon trap: trap_request=0xffffff6e fr.pc=0x0000020987b8202c relative=0x00000000000003ec
Event: 13.533 Thread 0x00000209ff0549b0 Uncommon trap: reason=loop_limit_check action=maybe_recompile pc=0x0000020987b8202c method=java.lang.StringLatin1.indexOf([BI[BII)I @ 37 c2
Event: 13.533 Thread 0x00000209ff0549b0 DEOPT PACKING pc=0x0000020987b8202c sp=0x000000d21ebf9d40
Event: 13.533 Thread 0x00000209ff0549b0 DEOPT UNPACKING pc=0x00000209875846a2 sp=0x000000d21ebf9ca0 mode 2
Event: 13.915 Thread 0x00000209ff0549b0 DEOPT PACKING pc=0x00000209805f2f16 sp=0x000000d21ebf7dd0
Event: 13.915 Thread 0x00000209ff0549b0 DEOPT UNPACKING pc=0x0000020987584e42 sp=0x000000d21ebf7220 mode 0

Classes loaded (20 events):
Event: 13.114 Loading class javax/xml/parsers/ParserConfigurationException
Event: 13.115 Loading class javax/xml/parsers/ParserConfigurationException done
Event: 13.115 Loading class org/xml/sax/SAXException
Event: 13.116 Loading class org/xml/sax/SAXException done
Event: 13.116 Loading class javax/xml/xpath/XPathExpressionException
Event: 13.116 Loading class javax/xml/xpath/XPathException
Event: 13.117 Loading class javax/xml/xpath/XPathException done
Event: 13.117 Loading class javax/xml/xpath/XPathExpressionException done
Event: 13.117 Loading class org/xml/sax/ErrorHandler
Event: 13.117 Loading class org/xml/sax/ErrorHandler done
Event: 13.692 Loading class java/util/zip/GZIPInputStream
Event: 13.693 Loading class java/util/zip/GZIPInputStream done
Event: 13.693 Loading class java/util/zip/GZIPOutputStream
Event: 13.693 Loading class java/util/zip/DeflaterOutputStream
Event: 13.694 Loading class java/util/zip/DeflaterOutputStream done
Event: 13.694 Loading class java/util/zip/GZIPOutputStream done
Event: 13.702 Loading class java/io/UnsupportedEncodingException
Event: 13.703 Loading class java/io/UnsupportedEncodingException done
Event: 13.779 Loading class java/util/Collections$SingletonMap
Event: 13.780 Loading class java/util/Collections$SingletonMap done

Classes unloaded (0 events):
No events

Classes redefined (0 events):
No events

Internal exceptions (20 events):
Event: 11.810 Thread 0x00000209ff0549b0 Exception <a 'java/lang/NoSuchMethodError'{0x0000000082bcd5d0}: 'java.lang.Object java.lang.invoke.DirectMethodHandle$Holder.invokeStatic(java.lang.Object, java.lang.Object, java.lang.Object, java.lang.Object, java.lang.Object, java.lang.Object, java.lang.Object, java.lang.Object, java.lang.Object, java.lang.Object, java.lang.Object, java.lang.Object, java.lang.Object, java.lang.Object, java.lang.Object, java.lang.Object, java.lang.Object, java.lang.Object, java.lang.Object, java.lang.Object, java.lang.Obj
Event: 11.816 Thread 0x00000209ff0549b0 Exception <a 'java/lang/NoSuchMethodError'{0x0000000082a04a58}: 'java.lang.Object java.lang.invoke.DirectMethodHandle$Holder.invokeStatic(java.lang.Object, java.lang.Object, java.lang.Object, java.lang.Object, java.lang.Object, java.lang.Object, java.lang.Object, java.lang.Object, java.lang.Object, java.lang.Object, java.lang.Object, java.lang.Object, java.lang.Object, java.lang.Object, java.lang.Object, java.lang.Object, java.lang.Object, java.lang.Object, java.lang.Object, java.lang.Object, java.lang.Obj
Event: 11.888 Thread 0x00000209ff0549b0 Exception <a 'java/lang/IncompatibleClassChangeError'{0x000000008291e1c0}: Found class java.lang.Object, but interface was expected> (0x000000008291e1c0) 
thrown [s\src\hotspot\share\interpreter\linkResolver.cpp, line 851]
Event: 12.498 Thread 0x00000209ff0549b0 Exception <a 'java/lang/IncompatibleClassChangeError'{0x0000000081f0a678}: Found class java.lang.Object, but interface was expected> (0x0000000081f0a678) 
thrown [s\src\hotspot\share\interpreter\linkResolver.cpp, line 851]
Event: 12.508 Thread 0x00000209ff0549b0 Exception <a 'java/lang/NoSuchMethodError'{0x0000000081f3b298}: 'java.lang.Object java.lang.invoke.DirectMethodHandle$Holder.newInvokeSpecial(java.lang.Object, java.lang.Object, java.lang.Object, java.lang.Object, java.lang.Object, java.lang.Object, java.lang.Object, java.lang.Object, java.lang.Object, java.lang.Object, java.lang.Object, java.lang.Object, java.lang.Object)'> (0x0000000081f3b298) 
thrown [s\src\hotspot\share\interpreter\linkResolver.cpp, line 784]
Event: 12.508 Thread 0x00000209ff0549b0 Exception <a 'java/lang/NoSuchMethodError'{0x0000000081f40748}: 'java.lang.Object java.lang.invoke.DirectMethodHandle$Holder.invokeSpecial(java.lang.Object, java.lang.Object, java.lang.Object, java.lang.Object, java.lang.Object, java.lang.Object, java.lang.Object, java.lang.Object, java.lang.Object, java.lang.Object, java.lang.Object, java.lang.Object, java.lang.Object, java.lang.Object)'> (0x0000000081f40748) 
thrown [s\src\hotspot\share\interpreter\linkResolver.cpp, line 784]
Event: 12.509 Thread 0x00000209ff0549b0 Exception <a 'java/lang/NoSuchMethodError'{0x0000000081f45260}: 'java.lang.Object java.lang.invoke.DelegatingMethodHandle$Holder.reinvoke_L(java.lang.Object, java.lang.Object, java.lang.Object, java.lang.Object, java.lang.Object, java.lang.Object, java.lang.Object, java.lang.Object, java.lang.Object, java.lang.Object, java.lang.Object, java.lang.Object, java.lang.Object)'> (0x0000000081f45260) 
thrown [s\src\hotspot\share\interpreter\linkResolver.cpp, line 784]
Event: 12.556 Thread 0x00000209ff0549b0 Exception <a 'java/lang/NoSuchMethodError'{0x0000000085f6dce0}: 'java.lang.Object java.lang.invoke.DirectMethodHandle$Holder.newInvokeSpecial(java.lang.Object, java.lang.Object, java.lang.Object, java.lang.Object, java.lang.Object, java.lang.Object, java.lang.Object, java.lang.Object)'> (0x0000000085f6dce0) 
thrown [s\src\hotspot\share\interpreter\linkResolver.cpp, line 784]
Event: 12.575 Thread 0x00000209ff0549b0 Exception <a 'java/lang/NoSuchMethodError'{0x00000000856381e8}: 'int java.lang.invoke.DirectMethodHandle$Holder.invokeStaticInit(java.lang.Object, java.lang.Object, java.lang.Object)'> (0x00000000856381e8) 
thrown [s\src\hotspot\share\interpreter\linkResolver.cpp, line 784]
Event: 12.815 Thread 0x00000209ff0549b0 Exception <a 'java/lang/NoSuchMethodError'{0x000000008465c680}: 'java.lang.Object java.lang.invoke.DirectMethodHandle$Holder.invokeVirtual(java.lang.Object, java.lang.Object, java.lang.Object, java.lang.Object, java.lang.Object, java.lang.Object, java.lang.Object, java.lang.Object, java.lang.Object, java.lang.Object, java.lang.Object, java.lang.Object, java.lang.Object, java.lang.Object, java.lang.Object, java.lang.Object, java.lang.Object, java.lang.Object, java.lang.Object, java.lang.Object, java.lang.Ob
Event: 12.834 Thread 0x00000209ff0549b0 Exception <a 'java/lang/NoSuchMethodError'{0x00000000846d1660}: 'java.lang.Object java.lang.invoke.DirectMethodHandle$Holder.invokeSpecial(java.lang.Object, java.lang.Object, java.lang.Object, java.lang.Object, java.lang.Object, java.lang.Object, java.lang.Object, java.lang.Object, java.lang.Object, java.lang.Object, java.lang.Object, java.lang.Object, java.lang.Object, java.lang.Object, java.lang.Object, java.lang.Object, java.lang.Object, java.lang.Object, java.lang.Object, java.lang.Object, java.lang.Ob
Event: 13.293 Thread 0x00000209ff0549b0 Exception <a 'java/lang/NoSuchMethodError'{0x0000000083d14d48}: 'java.lang.Object java.lang.invoke.DirectMethodHandle$Holder.newInvokeSpecial(java.lang.Object, java.lang.Object, java.lang.Object, java.lang.Object, java.lang.Object, java.lang.Object, java.lang.Object)'> (0x0000000083d14d48) 
thrown [s\src\hotspot\share\interpreter\linkResolver.cpp, line 784]
Event: 13.373 Thread 0x00000209ff0549b0 Exception <a 'java/lang/NoSuchMethodError'{0x0000000083ce3710}: 'java.lang.Object java.lang.invoke.DirectMethodHandle$Holder.invokeVirtual(java.lang.Object, java.lang.Object, java.lang.Object, java.lang.Object, java.lang.Object, java.lang.Object, java.lang.Object, java.lang.Object, java.lang.Object, java.lang.Object, java.lang.Object)'> (0x0000000083ce3710) 
thrown [s\src\hotspot\share\interpreter\linkResolver.cpp, line 784]
Event: 13.751 Thread 0x00000209ff0549b0 Exception <a 'java/lang/NoSuchMethodError'{0x000000008359b870}: 'java.lang.Object java.lang.invoke.DirectMethodHandle$Holder.invokeVirtual(java.lang.Object, java.lang.Object, java.lang.Object, java.lang.Object, java.lang.Object, java.lang.Object, java.lang.Object, java.lang.Object, java.lang.Object, java.lang.Object)'> (0x000000008359b870) 
thrown [s\src\hotspot\share\interpreter\linkResolver.cpp, line 784]
Event: 13.806 Thread 0x00000209ff0549b0 Exception <a 'java/lang/NoSuchMethodError'{0x00000000834a4688}: 'java.lang.Object java.lang.invoke.DelegatingMethodHandle$Holder.reinvoke_L(java.lang.Object, java.lang.Object, java.lang.Object, java.lang.Object, java.lang.Object, java.lang.Object, java.lang.Object, java.lang.Object, java.lang.Object, java.lang.Object, java.lang.Object, java.lang.Object, java.lang.Object, java.lang.Object, java.lang.Object, java.lang.Object, java.lang.Object, java.lang.Object, java.lang.Object, java.lang.Object, java.lang.O
Event: 13.807 Thread 0x00000209ff0549b0 Exception <a 'java/lang/NoSuchMethodError'{0x00000000834afc78}: 'java.lang.Object java.lang.invoke.DirectMethodHandle$Holder.invokeSpecial(java.lang.Object, java.lang.Object, java.lang.Object, java.lang.Object, java.lang.Object, java.lang.Object, java.lang.Object, java.lang.Object, java.lang.Object, java.lang.Object, java.lang.Object, java.lang.Object, java.lang.Object, java.lang.Object, java.lang.Object, java.lang.Object, java.lang.Object, java.lang.Object, java.lang.Object, java.lang.Object, java.lang.Ob
Event: 13.808 Thread 0x00000209ff0549b0 Exception <a 'java/lang/NoSuchMethodError'{0x00000000834b5470}: 'java.lang.Object java.lang.invoke.Invokers$Holder.invoker(java.lang.Object, java.lang.Object, java.lang.Object, java.lang.Object, java.lang.Object, java.lang.Object, java.lang.Object, java.lang.Object, java.lang.Object, java.lang.Object, java.lang.Object, java.lang.Object, java.lang.Object, java.lang.Object, java.lang.Object, java.lang.Object, java.lang.Object, java.lang.Object, java.lang.Object, java.lang.Object, java.lang.Object, java.lang.
Event: 13.809 Thread 0x00000209ff0549b0 Exception <a 'java/lang/NoSuchMethodError'{0x00000000834bb648}: 'java.lang.Object java.lang.invoke.DelegatingMethodHandle$Holder.delegate(java.lang.Object, java.lang.Object, java.lang.Object, java.lang.Object, java.lang.Object, java.lang.Object, java.lang.Object, java.lang.Object, java.lang.Object, java.lang.Object, java.lang.Object, java.lang.Object, java.lang.Object, java.lang.Object, java.lang.Object, java.lang.Object, java.lang.Object, java.lang.Object, java.lang.Object, java.lang.Object, java.lang.Obj
Event: 13.872 Thread 0x00000209ff0549b0 Exception <a 'java/lang/NoSuchMethodError'{0x00000000832d11b0}: 'java.lang.Object java.lang.invoke.DirectMethodHandle$Holder.invokeStaticInit(java.lang.Object, java.lang.Object, java.lang.Object, java.lang.Object)'> (0x00000000832d11b0) 
thrown [s\src\hotspot\share\interpreter\linkResolver.cpp, line 784]
Event: 13.932 Thread 0x00000209ff0549b0 Exception <a 'java/lang/NoSuchMethodError'{0x0000000083075908}: 'void java.lang.invoke.DirectMethodHandle$Holder.invokeStatic(java.lang.Object, java.lang.Object, java.lang.Object, java.lang.Object)'> (0x0000000083075908) 
thrown [s\src\hotspot\share\interpreter\linkResolver.cpp, line 784]

ZGC Phase Switch (0 events):
No events

VM Operations (20 events):
Event: 10.592 Executing VM operation: CollectForMetadataAllocation (Metadata GC Threshold) done
Event: 10.599 Executing VM operation: G1PauseRemark
Event: 10.602 Executing VM operation: G1PauseRemark done
Event: 10.605 Executing VM operation: G1PauseCleanup
Event: 10.605 Executing VM operation: G1PauseCleanup done
Event: 10.983 Executing VM operation: HandshakeAllThreads (Deoptimize)
Event: 10.984 Executing VM operation: HandshakeAllThreads (Deoptimize) done
Event: 11.260 Executing VM operation: HandshakeAllThreads (Deoptimize)
Event: 11.260 Executing VM operation: HandshakeAllThreads (Deoptimize) done
Event: 11.840 Executing VM operation: HandshakeAllThreads (Deoptimize)
Event: 11.840 Executing VM operation: HandshakeAllThreads (Deoptimize) done
Event: 11.840 Executing VM operation: Cleanup
Event: 11.841 Executing VM operation: Cleanup done
Event: 11.842 Executing VM operation: HandshakeAllThreads (Deoptimize)
Event: 11.842 Executing VM operation: HandshakeAllThreads (Deoptimize) done
Event: 12.532 Executing VM operation: G1CollectForAllocation (G1 Evacuation Pause)
Event: 12.539 Executing VM operation: G1CollectForAllocation (G1 Evacuation Pause) done
Event: 13.543 Executing VM operation: Cleanup
Event: 13.544 Executing VM operation: Cleanup done
Event: 14.544 Executing VM operation: Cleanup

Events (20 events):
Event: 2.479 Thread 0x00000209f9190160 Thread added: 0x00000209f9190160
Event: 3.181 Thread 0x00000209f9190160 Thread exited: 0x00000209f9190160
Event: 6.460 Loaded shared library C:\Program Files\Android\Android Studio\jbr\bin\management.dll
Event: 6.467 Loaded shared library C:\Program Files\Android\Android Studio\jbr\bin\management_ext.dll
Event: 7.548 Thread 0x00000209f96af2d0 Thread added: 0x00000209f96af2d0
Event: 8.065 Loaded shared library C:\Program Files\Android\Android Studio\jbr\bin\extnet.dll
Event: 8.150 Thread 0x00000209f97153e0 Thread added: 0x00000209f97153e0
Event: 10.319 Thread 0x00000209f93d4890 Thread added: 0x00000209f93d4890
Event: 10.419 Thread 0x00000209ff007780 Thread added: 0x00000209ff007780
Event: 10.424 Thread 0x00000209fe2adb80 Thread added: 0x00000209fe2adb80
Event: 10.520 Thread 0x00000209ff015390 Thread added: 0x00000209ff015390
Event: 10.535 Thread 0x00000209ff0549b0 Thread added: 0x00000209ff0549b0
Event: 10.553 Thread 0x00000209ff055d60 Thread added: 0x00000209ff055d60
Event: 10.561 Thread 0x00000209ff0577a0 Thread added: 0x00000209ff0577a0
Event: 10.564 Thread 0x00000209ff055040 Thread added: 0x00000209ff055040
Event: 11.261 Thread 0x00000209ff057110 Thread added: 0x00000209ff057110
Event: 11.278 Thread 0x00000209ff054320 Thread added: 0x00000209ff054320
Event: 11.328 Thread 0x00000209ff0556d0 Thread added: 0x00000209ff0556d0
Event: 13.755 Thread 0x00000209ff056a80 Thread added: 0x00000209ff056a80
Event: 13.787 Thread 0x00000209ff862fa0 Thread added: 0x00000209ff862fa0


Dynamic libraries:
0x00007ff72f1a0000 - 0x00007ff72f1aa000 	C:\Program Files\Android\Android Studio\jbr\bin\java.exe
0x00007ffae11e0000 - 0x00007ffae1443000 	C:\WINDOWS\SYSTEM32\ntdll.dll
0x00007ffadfb50000 - 0x00007ffadfc18000 	C:\WINDOWS\System32\KERNEL32.DLL
0x00007ffade910000 - 0x00007ffadecc2000 	C:\WINDOWS\System32\KERNELBASE.dll
0x00007ffaded60000 - 0x00007ffadeeab000 	C:\WINDOWS\System32\ucrtbase.dll
0x00007ffad7760000 - 0x00007ffad777b000 	C:\Program Files\Android\Android Studio\jbr\bin\VCRUNTIME140.dll
0x00007ffad7710000 - 0x00007ffad7728000 	C:\Program Files\Android\Android Studio\jbr\bin\jli.dll
0x00007ffadf980000 - 0x00007ffadfb48000 	C:\WINDOWS\System32\USER32.dll
0x00007ffadf010000 - 0x00007ffadf037000 	C:\WINDOWS\System32\win32u.dll
0x00007ffabd790000 - 0x00007ffabda20000 	C:\WINDOWS\WinSxS\amd64_microsoft.windows.common-controls_6595b64144ccf1df_6.0.26100.2454_none_3e0b68a2e331ad60\COMCTL32.dll
0x00007ffadf430000 - 0x00007ffadf45a000 	C:\WINDOWS\System32\GDI32.dll
0x00007ffae0ac0000 - 0x00007ffae0b69000 	C:\WINDOWS\System32\msvcrt.dll
0x00007ffade7e0000 - 0x00007ffade90b000 	C:\WINDOWS\System32\gdi32full.dll
0x00007ffade730000 - 0x00007ffade7d3000 	C:\WINDOWS\System32\msvcp_win.dll
0x00007ffadf3f0000 - 0x00007ffadf41f000 	C:\WINDOWS\System32\IMM32.DLL
0x00007ffadb5a0000 - 0x00007ffadb5ac000 	C:\Program Files\Android\Android Studio\jbr\bin\vcruntime140_1.dll
0x00007ffab1540000 - 0x00007ffab15cd000 	C:\Program Files\Android\Android Studio\jbr\bin\msvcp140.dll
0x00007ffa49150000 - 0x00007ffa49dcd000 	C:\Program Files\Android\Android Studio\jbr\bin\server\jvm.dll
0x00007ffadfc30000 - 0x00007ffadfce4000 	C:\WINDOWS\System32\ADVAPI32.dll
0x00007ffae0430000 - 0x00007ffae04d6000 	C:\WINDOWS\System32\sechost.dll
0x00007ffae1080000 - 0x00007ffae1196000 	C:\WINDOWS\System32\RPCRT4.dll
0x00007ffadf210000 - 0x00007ffadf284000 	C:\WINDOWS\System32\WS2_32.dll
0x00007ffad4ac0000 - 0x00007ffad4acb000 	C:\WINDOWS\SYSTEM32\VERSION.dll
0x00007ffad4a80000 - 0x00007ffad4ab6000 	C:\WINDOWS\SYSTEM32\WINMM.dll
0x00007ffade440000 - 0x00007ffade48e000 	C:\WINDOWS\SYSTEM32\POWRPROF.dll
0x00007ffade420000 - 0x00007ffade434000 	C:\WINDOWS\SYSTEM32\UMPDC.dll
0x00007ffadd3f0000 - 0x00007ffadd40a000 	C:\WINDOWS\SYSTEM32\kernel.appcore.dll
0x00007ffadb570000 - 0x00007ffadb57a000 	C:\Program Files\Android\Android Studio\jbr\bin\jimage.dll
0x00007ffad5a20000 - 0x00007ffad5c61000 	C:\WINDOWS\SYSTEM32\DBGHELP.DLL
0x00007ffae0590000 - 0x00007ffae090e000 	C:\WINDOWS\System32\combase.dll
0x00007ffae0e30000 - 0x00007ffae0f06000 	C:\WINDOWS\System32\OLEAUT32.dll
0x00007ffac5e10000 - 0x00007ffac5e49000 	C:\WINDOWS\SYSTEM32\dbgcore.DLL
0x00007ffadef70000 - 0x00007ffadf009000 	C:\WINDOWS\System32\bcryptPrimitives.dll
0x00007ffadb580000 - 0x00007ffadb58e000 	C:\Program Files\Android\Android Studio\jbr\bin\instrument.dll
0x00007ffad7690000 - 0x00007ffad76af000 	C:\Program Files\Android\Android Studio\jbr\bin\java.dll
0x00007ffad73d0000 - 0x00007ffad73e8000 	C:\Program Files\Android\Android Studio\jbr\bin\zip.dll
0x00007ffadfcf0000 - 0x00007ffae03f1000 	C:\WINDOWS\System32\SHELL32.dll
0x00007ffadc300000 - 0x00007ffadcb31000 	C:\WINDOWS\SYSTEM32\windows.storage.dll
0x00007ffae0b80000 - 0x00007ffae0c5a000 	C:\WINDOWS\System32\SHCORE.dll
0x00007ffae0d50000 - 0x00007ffae0dad000 	C:\WINDOWS\System32\shlwapi.dll
0x00007ffade4c0000 - 0x00007ffade4ee000 	C:\WINDOWS\SYSTEM32\profapi.dll
0x00007ffad7ad0000 - 0x00007ffad7ae0000 	C:\Program Files\Android\Android Studio\jbr\bin\net.dll
0x00007ffad6950000 - 0x00007ffad6a76000 	C:\WINDOWS\SYSTEM32\WINHTTP.dll
0x00007ffadd8f0000 - 0x00007ffadd958000 	C:\WINDOWS\system32\mswsock.dll
0x00007ffad70c0000 - 0x00007ffad70d6000 	C:\Program Files\Android\Android Studio\jbr\bin\nio.dll
0x00007ffad7ab0000 - 0x00007ffad7ac0000 	C:\Program Files\Android\Android Studio\jbr\bin\verify.dll
0x00007ffac8bd0000 - 0x00007ffac8bf7000 	C:\Users\yuval\.gradle\native\c067742578af261105cb4f569cf0c3c89f3d7b1fecec35dd04571415982c5e48\windows-amd64\native-platform.dll
0x00007ffa9bc80000 - 0x00007ffa9bdc4000 	C:\Users\yuval\.gradle\native\100fb08df4bc3b14c8652ba06237920a3bd2aa13389f12d3474272988ae205f9\windows-amd64\native-platform-file-events.dll
0x00007ffad76d0000 - 0x00007ffad76d9000 	C:\Program Files\Android\Android Studio\jbr\bin\management.dll
0x00007ffad7650000 - 0x00007ffad765b000 	C:\Program Files\Android\Android Studio\jbr\bin\management_ext.dll
0x00007ffadfc20000 - 0x00007ffadfc28000 	C:\WINDOWS\System32\PSAPI.DLL
0x00007ffaddb90000 - 0x00007ffaddbac000 	C:\WINDOWS\SYSTEM32\CRYPTSP.dll
0x00007ffadd350000 - 0x00007ffadd388000 	C:\WINDOWS\system32\rsaenh.dll
0x00007ffadd990000 - 0x00007ffadd9bb000 	C:\WINDOWS\SYSTEM32\USERENV.dll
0x00007ffadddd0000 - 0x00007ffadddf6000 	C:\WINDOWS\SYSTEM32\bcrypt.dll
0x00007ffaddbb0000 - 0x00007ffaddbbc000 	C:\WINDOWS\SYSTEM32\CRYPTBASE.dll
0x00007ffadce80000 - 0x00007ffadceb2000 	C:\WINDOWS\SYSTEM32\IPHLPAPI.DLL
0x00007ffae0b70000 - 0x00007ffae0b7a000 	C:\WINDOWS\System32\NSI.dll
0x00007ffad7830000 - 0x00007ffad7839000 	C:\Program Files\Android\Android Studio\jbr\bin\extnet.dll
0x00007ffaaca90000 - 0x00007ffaaca98000 	C:\WINDOWS\system32\wshunix.dll

dbghelp: loaded successfully - version: 4.0.5 - missing functions: none
symbol engine: initialized successfully - sym options: 0x614 - pdb path: .;C:\Program Files\Android\Android Studio\jbr\bin;C:\WINDOWS\SYSTEM32;C:\WINDOWS\WinSxS\amd64_microsoft.windows.common-controls_6595b64144ccf1df_6.0.26100.2454_none_3e0b68a2e331ad60;C:\Program Files\Android\Android Studio\jbr\bin\server;C:\Users\yuval\.gradle\native\c067742578af261105cb4f569cf0c3c89f3d7b1fecec35dd04571415982c5e48\windows-amd64;C:\Users\yuval\.gradle\native\100fb08df4bc3b14c8652ba06237920a3bd2aa13389f12d3474272988ae205f9\windows-amd64

VM Arguments:
jvm_args: --add-opens=java.base/java.util=ALL-UNNAMED --add-opens=java.base/java.lang=ALL-UNNAMED --add-opens=java.base/java.lang.invoke=ALL-UNNAMED --add-opens=java.prefs/java.util.prefs=ALL-UNNAMED --add-exports=jdk.compiler/com.sun.tools.javac.api=ALL-UNNAMED --add-exports=jdk.compiler/com.sun.tools.javac.util=ALL-UNNAMED --add-opens=java.base/java.nio.charset=ALL-UNNAMED --add-opens=java.base/java.net=ALL-UNNAMED --add-opens=java.base/java.util.concurrent.atomic=ALL-UNNAMED -Xmx2048m -Dfile.encoding=UTF-8 -Duser.country=IL -Duser.language=he -Duser.variant -javaagent:C:\Users\yuval\.gradle\wrapper\dists\gradle-8.9-bin\90cnw93cvbtalezasaz0blq0a\gradle-8.9\lib\agents\gradle-instrumentation-agent-8.9.jar 
java_command: org.gradle.launcher.daemon.bootstrap.GradleDaemon 8.9
java_class_path (initial): C:\Users\yuval\.gradle\wrapper\dists\gradle-8.9-bin\90cnw93cvbtalezasaz0blq0a\gradle-8.9\lib\gradle-daemon-main-8.9.jar
Launcher Type: SUN_STANDARD

[Global flags]
     intx CICompilerCount                          = 4                                         {product} {ergonomic}
     uint ConcGCThreads                            = 2                                         {product} {ergonomic}
     uint G1ConcRefinementThreads                  = 8                                         {product} {ergonomic}
   size_t G1HeapRegionSize                         = 1048576                                   {product} {ergonomic}
    uintx GCDrainStackTargetSize                   = 64                                        {product} {ergonomic}
   size_t InitialHeapSize                          = 100663296                                 {product} {ergonomic}
   size_t MarkStackSize                            = 4194304                                   {product} {ergonomic}
   size_t MaxHeapSize                              = 2147483648                                {product} {command line}
   size_t MaxNewSize                               = 1287651328                                {product} {ergonomic}
   size_t MinHeapDeltaBytes                        = 1048576                                   {product} {ergonomic}
   size_t MinHeapSize                              = 8388608                                   {product} {ergonomic}
    uintx NonNMethodCodeHeapSize                   = 5839372                                {pd product} {ergonomic}
    uintx NonProfiledCodeHeapSize                  = 122909434                              {pd product} {ergonomic}
    uintx ProfiledCodeHeapSize                     = 122909434                              {pd product} {ergonomic}
    uintx ReservedCodeCacheSize                    = 251658240                              {pd product} {ergonomic}
     bool SegmentedCodeCache                       = true                                      {product} {ergonomic}
   size_t SoftMaxHeapSize                          = 2147483648                             {manageable} {ergonomic}
     bool UseCompressedOops                        = true                           {product lp64_product} {ergonomic}
     bool UseG1GC                                  = true                                      {product} {ergonomic}
     bool UseLargePagesIndividualAllocation        = false                                  {pd product} {ergonomic}

Logging:
Log output configuration:
 #0: stdout all=warning uptime,level,tags foldmultilines=false
 #1: stderr all=off uptime,level,tags foldmultilines=false

Environment Variables:
PATH=C:\Program Files\Common Files\Oracle\Java\javapath;C:\Program Files\Microsoft\jdk-11.0.16.101-hotspot\bin;C:\WINDOWS\system32;C:\WINDOWS;C:\WINDOWS\System32\Wbem;C:\WINDOWS\System32\WindowsPowerShell\v1.0\;C:\WINDOWS\System32\OpenSSH\;C:\Program Files\Microsoft SQL Server\Client SDK\ODBC\170\Tools\Binn\;C:\Program Files\Microsoft SQL Server\150\Tools\Binn\;C:\WINDOWS\system32;C:\WINDOWS;C:\WINDOWS\System32\Wbem;C:\WINDOWS\System32\WindowsPowerShell\v1.0\;C:\WINDOWS\System32\OpenSSH\;C:\Program Files\dotnet\;C:\Program Files\nodejs\;C:\Program Files (x86)\Microsoft SQL Server\150\DTS\Binn\;C:\Program Files\Microsoft SQL Server\150\DTS\Binn\;C:\Program Files (x86)\Microsoft SQL Server\150\Tools\Binn\;C:\Program Files (x86)\Microsoft SQL Server\160\DTS\Binn\;C:\Program Files\Azure Data Studio\bin;C:\Program Files\PowerShell\7\;C:\Program Files\Git\cmd;C:\Users\yuval\AppData\Local\Programs\Python\Python310\Scripts\;C:\Users\yuval\AppData\Local\Programs\Python\Python310\;C:\Users\yuval\AppData\Local\Microsoft\WindowsApps;;C:\Users\yuval\AppData\Local\Programs\Microsoft VS Code\bin;C:\Users\yuval\.dotnet\tools;C:\Users\yuval\AppData\Roaming\npm;C:\Program Files\Azure Data Studio\bin;C:\Program Files\JetBrains\PyCharm Community Edition 2023.2.5\bin;;C:\Program Files\JetBrains\IntelliJ IDEA 2023.3.4\bin;;C:\Program Files\JetBrains\IntelliJ IDEA Community Edition 2024.3\bin;
USERNAME=yuval
OS=Windows_NT
PROCESSOR_IDENTIFIER=AMD64 Family 23 Model 24 Stepping 1, AuthenticAMD
TMP=C:\Users\yuval\AppData\Local\Temp
TEMP=C:\Users\yuval\AppData\Local\Temp




Periodic native trim disabled

JNI global refs:
JNI global refs: 25, weak refs: 0

JNI global refs memory usage: 835, weak refs: 833

Process memory usage:
Resident Set Size: 177180K (2% of 6206224K total physical memory with 417360K free physical memory)

OOME stack traces (most recent first):
Classloader memory used:
Loader bootstrap                                                                       : 17380K
Loader org.gradle.internal.classloader.VisitableURLClassLoader                         : 13492K
Loader org.gradle.initialization.MixInLegacyTypesClassLoader                           : 2038K
Loader jdk.internal.loader.ClassLoaders$AppClassLoader                                 : 230K
Loader jdk.internal.loader.ClassLoaders$PlatformClassLoader                            : 146K
Loader jdk.internal.reflect.DelegatingClassLoader                                      : 38008B

Classes loaded by more than one classloader:
Class org.gradle.internal.classloader.FilteringClassLoader                            : loaded 2 times (x 102B)
Class org.gradle.internal.classloader.ClassLoaderHierarchy                            : loaded 2 times (x 67B)
Class org.gradle.api.internal.classpath.ManifestUtil                                  : loaded 2 times (x 68B)
Class org.gradle.internal.classloader.DefaultClassLoaderFactory                       : loaded 2 times (x 79B)
Class org.gradle.internal.classloader.ClassLoaderVisitor                              : loaded 2 times (x 73B)
Class org.gradle.api.internal.classpath.EffectiveClassPath                            : loaded 2 times (x 87B)
Class org.gradle.api.internal.DefaultClassPathProvider                                : loaded 2 times (x 73B)
Class [Lorg.gradle.api.internal.ClassPathProvider;                                    : loaded 2 times (x 66B)
Class org.gradle.api.internal.ClassPathProvider                                       : loaded 2 times (x 67B)
Class org.gradle.internal.service.UnknownServiceException                             : loaded 2 times (x 80B)
Class org.gradle.internal.classpath.TransformedClassPath                              : loaded 2 times (x 93B)
Class org.gradle.internal.service.ServiceLocator                                      : loaded 2 times (x 67B)
Class org.gradle.internal.InternalTransformer                                         : loaded 2 times (x 67B)
Class org.gradle.internal.classloader.ClasspathUtil$1                                 : loaded 2 times (x 73B)
Class org.gradle.api.internal.classpath.DefaultModuleRegistry$DefaultModule           : loaded 2 times (x 83B)
Class org.gradle.api.internal.classpath.Module                                        : loaded 2 times (x 67B)
Class org.gradle.api.internal.classpath.UnknownModuleException                        : loaded 2 times (x 79B)
Class org.gradle.api.internal.DefaultClassPathRegistry                                : loaded 2 times (x 73B)
Class org.gradle.api.internal.ClassPathRegistry                                       : loaded 2 times (x 67B)
Class org.gradle.internal.classpath.DefaultClassPath$ImmutableUniqueList              : loaded 2 times (x 196B)
Class org.gradle.internal.classpath.ClassPath                                         : loaded 2 times (x 67B)
Class org.gradle.api.UncheckedIOException                                             : loaded 2 times (x 79B)
Class org.gradle.internal.installation.GradleInstallation$1                           : loaded 2 times (x 72B)
Class org.gradle.api.internal.classpath.ModuleRegistry                                : loaded 2 times (x 67B)
Class org.gradle.api.internal.classpath.DefaultModuleRegistry                         : loaded 2 times (x 80B)
Class org.gradle.internal.service.ServiceLookupException                              : loaded 2 times (x 79B)
Class org.gradle.internal.classloader.ClassLoaderFactory                              : loaded 2 times (x 67B)
Class org.gradle.internal.service.CachingServiceLocator                               : loaded 2 times (x 79B)
Class org.gradle.internal.classloader.ClasspathUtil                                   : loaded 2 times (x 68B)
Class org.gradle.api.specs.Spec                                                       : loaded 2 times (x 67B)
Class org.gradle.internal.classloader.VisitableURLClassLoader$InstrumentingVisitableURLClassLoader: loaded 2 times (x 120B)
Class org.gradle.internal.classloader.VisitableURLClassLoader$Spec                    : loaded 2 times (x 71B)
Class org.gradle.internal.classpath.DefaultClassPath                                  : loaded 2 times (x 87B)
Class org.gradle.internal.classloader.ClassLoaderSpec                                 : loaded 2 times (x 68B)
Class org.gradle.internal.classloader.VisitableURLClassLoader                         : loaded 2 times (x 114B)
Class org.gradle.internal.Cast                                                        : loaded 2 times (x 68B)
Class org.gradle.api.Action                                                           : loaded 2 times (x 67B)
Class org.gradle.internal.agents.InstrumentingClassLoader                             : loaded 2 times (x 67B)
Class org.gradle.internal.classpath.DefaultClassPath$ImmutableUniqueList$Builder      : loaded 2 times (x 72B)
Class org.gradle.api.GradleException                                                  : loaded 2 times (x 79B)
Class org.gradle.internal.IoActions                                                   : loaded 2 times (x 68B)
Class org.gradle.internal.classloader.SystemClassLoaderSpec                           : loaded 2 times (x 68B)
Class org.gradle.internal.installation.CurrentGradleInstallationLocator               : loaded 2 times (x 68B)
Class org.gradle.internal.service.DefaultServiceLocator                               : loaded 2 times (x 80B)
Class org.gradle.internal.installation.CurrentGradleInstallation                      : loaded 2 times (x 70B)
Class org.gradle.util.internal.GUtil                                                  : loaded 2 times (x 68B)
Class org.gradle.internal.installation.GradleInstallation                             : loaded 2 times (x 72B)

---------------  S Y S T E M  ---------------

OS:
 Windows 11 , 64 bit Build 26100 (10.0.26100.2454)
OS uptime: 3 days 22:40 hours

CPU: total 8 (initial active 8) (8 cores per cpu, 2 threads per core) family 23 model 24 stepping 1 microcode 0x8108109, cx8, cmov, fxsr, ht, mmx, 3dnowpref, sse, sse2, sse3, ssse3, sse4a, sse4.1, sse4.2, popcnt, lzcnt, tsc, tscinvbit, avx, avx2, aes, clmul, bmi1, bmi2, adx, sha, fma, vzeroupper, clflush, clflushopt, rdtscp, f16c
Processor Information for all 8 processors :
  Max Mhz: 2100, Current Mhz: 2100, Mhz Limit: 2100

Memory: 4k page, system-wide physical 6060M (408M free)
TotalPageFile size 24492M (AvailPageFile size 10M)
current process WorkingSet (physical memory assigned to process): 173M, peak: 182M
current process commit charge ("private bytes"): 240M, peak: 242M

vm_info: OpenJDK 64-Bit Server VM (21.0.3+-12282718-b509.11) for windows-amd64 JRE (21.0.3+-12282718-b509.11), built on 2024-08-27T17:34:15Z by "builder" with MS VC++ 16.10 / 16.11 (VS2019)

END.
