#
# There is insufficient memory for the Java Runtime Environment to continue.
# Native memory allocation (mmap) failed to map 100663296 bytes. Error detail: G1 virtual space
# Possible reasons:
#   The system is out of physical RAM or swap space
#   This process is running with CompressedOops enabled, and the Java Heap may be blocking the growth of the native heap
# Possible solutions:
#   Reduce memory load on the system
#   Increase physical memory or swap space
#   Check if swap backing store is full
#   Decrease Java heap size (-Xmx/-Xms)
#   Decrease number of Java threads
#   Decrease Java thread stack sizes (-Xss)
#   Set larger code cache with -XX:ReservedCodeCacheSize=
#   JVM is running with Unscaled Compressed Oops mode in which the Java heap is
#     placed in the first 4GB address space. The Java Heap base address is the
#     maximum limit for the native heap growth. Please use -XX:HeapBaseMinAddress
#     to set the Java Heap base and to place the Java Heap above 4GB virtual address.
# This output file may be truncated or incomplete.
#
#  Out of Memory Error (os_windows.cpp:3815), pid=16016, tid=26296
#
# JRE version:  (21.0.3) (build )
# Java VM: OpenJDK 64-Bit Server VM (21.0.3+-12282718-b509.11, mixed mode, sharing, tiered, compressed oops, compressed class ptrs, g1 gc, windows-amd64)
# No core dump will be written. Minidumps are not enabled by default on client versions of Windows
#

---------------  S U M M A R Y ------------

Command Line: org.jetbrains.kotlin.cli.jvm.K2JVMCompiler @C:\Users\yuval\AndroidStudioProjects\NeighborHub\app\build\20250120_8035043872528711911.compiler.options

Host: AMD Ryzen 5 3450U with Radeon Vega Mobile Gfx  , 8 cores, 5G,  Windows 11 , 64 bit Build 26100 (10.0.26100.2454)
Time: Mon Jan 20 17:18:05 2025  Windows 11 , 64 bit Build 26100 (10.0.26100.2454) elapsed time: 2.054258 seconds (0d 0h 0m 2s)

---------------  T H R E A D  ---------------

Current thread (0x000002d9e5894d10):  JavaThread "Unknown thread" [_thread_in_vm, id=26296, stack(0x000000f233600000,0x000000f233700000) (1024K)]

Stack: [0x000000f233600000,0x000000f233700000]
Native frames: (J=compiled Java code, j=interpreted, Vv=VM code, C=native code)
V  [jvm.dll+0x6cafb9]
V  [jvm.dll+0x858523]
V  [jvm.dll+0x85aa7e]
V  [jvm.dll+0x85b163]
V  [jvm.dll+0x27d356]
V  [jvm.dll+0x6c7865]
V  [jvm.dll+0x6bbd3a]
V  [jvm.dll+0x35199b]
V  [jvm.dll+0x3595d6]
V  [jvm.dll+0x3aa826]
V  [jvm.dll+0x3aaaf8]
V  [jvm.dll+0x3240bc]
V  [jvm.dll+0x324dab]
V  [jvm.dll+0x81fd89]
V  [jvm.dll+0x3b7c08]
V  [jvm.dll+0x80921d]
V  [jvm.dll+0x44c05e]
V  [jvm.dll+0x44d6b1]
C  [jli.dll+0x52ab]
C  [ucrtbase.dll+0x14ea0]
C  [KERNEL32.DLL+0x2e8d7]
C  [ntdll.dll+0xdfbcc]


---------------  P R O C E S S  ---------------

Threads class SMR info:
_java_thread_list=0x00007ffa4a8d57c8, length=0, elements={
}

Java Threads: ( => current thread )
Total: 0

Other Threads:
  0x000002d9e7be1320 WorkerThread "GC Thread#0"                     [id=25532, stack(0x000000f233700000,0x000000f233800000) (1024K)]
  0x000002d9e7bee890 ConcurrentGCThread "G1 Main Marker"            [id=20884, stack(0x000000f233800000,0x000000f233900000) (1024K)]
  0x000002d9e7bf01d0 WorkerThread "G1 Conc#0"                       [id=8984, stack(0x000000f233900000,0x000000f233a00000) (1024K)]

[error occurred during error reporting (printing all threads), id 0xc0000005, EXCEPTION_ACCESS_VIOLATION (0xc0000005) at pc=0x00007ffa4a0d7197]
VM state: not at safepoint (not fully initialized)

VM Mutex/Monitor currently owned by a thread:  ([mutex/lock_event])
[0x00007ffa4a9421c8] Heap_lock - owner thread: 0x000002d9e5894d10

Heap address: 0x00000000a1400000, size: 1516 MB, Compressed Oops mode: 32-bit

CDS archive(s) mapped at: [0x0000000000000000-0x0000000000000000-0x0000000000000000), size 0, SharedBaseAddress: 0x0000000800000000, ArchiveRelocationMode: 1.
Narrow klass base: 0x0000000000000000, Narrow klass shift: 0, Narrow klass range: 0x0

GC Precious Log:
 CardTable entry size: 512
 Card Set container configuration: InlinePtr #cards 5 size 8 Array Of Cards #cards 12 size 40 Howl #buckets 4 coarsen threshold 1843 Howl Bitmap #cards 512 size 80 coarsen threshold 460 Card regions per heap region 1 cards per card region 2048

Heap:
 garbage-first heap   total 0K, used 0K [0x00000000a1400000, 0x0000000100000000)
  region size 1024K, 0 young (0K), 0 survivors (0K)
 Metaspace       used 0K, committed 0K, reserved 0K
  class space    used 0K, committed 0K, reserved 0K

Heap Regions: E=young(eden), S=young(survivor), O=old, HS=humongous(starts), HC=humongous(continues), CS=collection set, F=free, TAMS=top-at-mark-start, PB=parsable bottom

Card table byte_map: [0x000002d9fa320000,0x000002d9fa620000] _byte_map_base: 0x000002d9f9e16000

Marking Bits: (CMBitMap*) 0x000002d9e7be2230
 Bits: [0x000002d9fa620000, 0x000002d9fbdd0000)

GC Heap History (0 events):
No events

Dll operation events (1 events):
Event: 0.016 Loaded shared library C:\Program Files\Android\Android Studio\jbr\bin\java.dll

Deoptimization events (0 events):
No events

Classes loaded (0 events):
No events

Classes unloaded (0 events):
No events

Classes redefined (0 events):
No events

Internal exceptions (0 events):
No events

ZGC Phase Switch (0 events):
No events

VM Operations (0 events):
No events

Events (0 events):
No events


Dynamic libraries:
0x00007ff6521a0000 - 0x00007ff6521aa000 	C:\Program Files\Android\Android Studio\jbr\bin\java.exe
0x00007ffae11e0000 - 0x00007ffae1443000 	C:\WINDOWS\SYSTEM32\ntdll.dll
0x00007ffadfb50000 - 0x00007ffadfc18000 	C:\WINDOWS\System32\KERNEL32.DLL
0x00007ffade910000 - 0x00007ffadecc2000 	C:\WINDOWS\System32\KERNELBASE.dll
0x00007ffaded60000 - 0x00007ffadeeab000 	C:\WINDOWS\System32\ucrtbase.dll
0x00007ffadb570000 - 0x00007ffadb58b000 	C:\Program Files\Android\Android Studio\jbr\bin\VCRUNTIME140.dll
0x00007ffad7540000 - 0x00007ffad7558000 	C:\Program Files\Android\Android Studio\jbr\bin\jli.dll
0x00007ffadf980000 - 0x00007ffadfb48000 	C:\WINDOWS\System32\USER32.dll
0x00007ffadf010000 - 0x00007ffadf037000 	C:\WINDOWS\System32\win32u.dll
0x00007ffabd790000 - 0x00007ffabda20000 	C:\WINDOWS\WinSxS\amd64_microsoft.windows.common-controls_6595b64144ccf1df_6.0.26100.2454_none_3e0b68a2e331ad60\COMCTL32.dll
0x00007ffadf430000 - 0x00007ffadf45a000 	C:\WINDOWS\System32\GDI32.dll
0x00007ffae0ac0000 - 0x00007ffae0b69000 	C:\WINDOWS\System32\msvcrt.dll
0x00007ffade7e0000 - 0x00007ffade90b000 	C:\WINDOWS\System32\gdi32full.dll
0x00007ffade730000 - 0x00007ffade7d3000 	C:\WINDOWS\System32\msvcp_win.dll
0x00007ffadf3f0000 - 0x00007ffadf41f000 	C:\WINDOWS\System32\IMM32.DLL
0x00007ffadb5a0000 - 0x00007ffadb5ac000 	C:\Program Files\Android\Android Studio\jbr\bin\vcruntime140_1.dll
0x00007ffaae910000 - 0x00007ffaae99d000 	C:\Program Files\Android\Android Studio\jbr\bin\msvcp140.dll
0x00007ffa49da0000 - 0x00007ffa4aa1d000 	C:\Program Files\Android\Android Studio\jbr\bin\server\jvm.dll
0x00007ffadfc30000 - 0x00007ffadfce4000 	C:\WINDOWS\System32\ADVAPI32.dll
0x00007ffae0430000 - 0x00007ffae04d6000 	C:\WINDOWS\System32\sechost.dll
0x00007ffae1080000 - 0x00007ffae1196000 	C:\WINDOWS\System32\RPCRT4.dll
0x00007ffadf210000 - 0x00007ffadf284000 	C:\WINDOWS\System32\WS2_32.dll
0x00007ffade440000 - 0x00007ffade48e000 	C:\WINDOWS\SYSTEM32\POWRPROF.dll
0x00007ffad4a80000 - 0x00007ffad4ab6000 	C:\WINDOWS\SYSTEM32\WINMM.dll
0x00007ffad4ac0000 - 0x00007ffad4acb000 	C:\WINDOWS\SYSTEM32\VERSION.dll
0x00007ffade420000 - 0x00007ffade434000 	C:\WINDOWS\SYSTEM32\UMPDC.dll
0x00007ffadd3f0000 - 0x00007ffadd40a000 	C:\WINDOWS\SYSTEM32\kernel.appcore.dll
0x00007ffad7ad0000 - 0x00007ffad7ada000 	C:\Program Files\Android\Android Studio\jbr\bin\jimage.dll
0x00007ffad5a20000 - 0x00007ffad5c61000 	C:\WINDOWS\SYSTEM32\DBGHELP.DLL
0x00007ffae0590000 - 0x00007ffae090e000 	C:\WINDOWS\System32\combase.dll
0x00007ffae0e30000 - 0x00007ffae0f06000 	C:\WINDOWS\System32\OLEAUT32.dll
0x00007ffac5e10000 - 0x00007ffac5e49000 	C:\WINDOWS\SYSTEM32\dbgcore.DLL
0x00007ffadef70000 - 0x00007ffadf009000 	C:\WINDOWS\System32\bcryptPrimitives.dll
0x00007ffad7690000 - 0x00007ffad76af000 	C:\Program Files\Android\Android Studio\jbr\bin\java.dll

dbghelp: loaded successfully - version: 4.0.5 - missing functions: none
symbol engine: initialized successfully - sym options: 0x614 - pdb path: .;C:\Program Files\Android\Android Studio\jbr\bin;C:\WINDOWS\SYSTEM32;C:\WINDOWS\WinSxS\amd64_microsoft.windows.common-controls_6595b64144ccf1df_6.0.26100.2454_none_3e0b68a2e331ad60;C:\Program Files\Android\Android Studio\jbr\bin\server

VM Arguments:
java_command: org.jetbrains.kotlin.cli.jvm.K2JVMCompiler @C:\Users\yuval\AndroidStudioProjects\NeighborHub\app\build\20250120_8035043872528711911.compiler.options
java_class_path (initial): C:\Users\yuval\.gradle\caches\modules-2\files-2.1\org.jetbrains.kotlin\kotlin-compiler-embeddable\2.0.0\1de310de3446414381282ffc46c3ed3919a4d1da\kotlin-compiler-embeddable-2.0.0.jar;C:\Users\yuval\.gradle\caches\modules-2\files-2.1\org.jetbrains.kotlin\kotlin-stdlib\2.0.0\b48df2c4aede9586cc931ead433bc02d6fd7879e\kotlin-stdlib-2.0.0.jar;C:\Users\yuval\.gradle\caches\modules-2\files-2.1\org.jetbrains.kotlin\kotlin-script-runtime\2.0.0\fdc27dd047d592fa41d2dfa21e7621287a361612\kotlin-script-runtime-2.0.0.jar;C:\Users\yuval\.gradle\caches\modules-2\files-2.1\org.jetbrains.kotlin\kotlin-reflect\1.6.10\1cbe9c92c12a94eea200d23c2bbaedaf3daf5132\kotlin-reflect-1.6.10.jar;C:\Users\yuval\.gradle\caches\modules-2\files-2.1\org.jetbrains.kotlin\kotlin-daemon-embeddable\2.0.0\b39c612768614c4428c96ee9c65477181fffe9d\kotlin-daemon-embeddable-2.0.0.jar;C:\Users\yuval\.gradle\caches\modules-2\files-2.1\org.jetbrains.intellij.deps\trove4j\1.0.20200330\3afb14d5f9ceb459d724e907a21145e8ff394f02\trove4j-1.0.20200330.jar;C:\Users\yuval\.gradle\caches\modules-2\files-2.1\org.jetbrains\annotations\13.0\919f0dfe192fb4e063e7dacadee7f8bb9a2672a9\annotations-13.0.jar
Launcher Type: SUN_STANDARD

[Global flags]
     intx CICompilerCount                          = 4                                         {product} {ergonomic}
     uint ConcGCThreads                            = 2                                         {product} {ergonomic}
     uint G1ConcRefinementThreads                  = 8                                         {product} {ergonomic}
   size_t G1HeapRegionSize                         = 1048576                                   {product} {ergonomic}
    uintx GCDrainStackTargetSize                   = 64                                        {product} {ergonomic}
   size_t InitialHeapSize                          = 100663296                                 {product} {ergonomic}
   size_t MarkStackSize                            = 4194304                                   {product} {ergonomic}
   size_t MaxHeapSize                              = 1589641216                                {product} {ergonomic}
   size_t MinHeapDeltaBytes                        = 1048576                                   {product} {ergonomic}
   size_t MinHeapSize                              = 8388608                                   {product} {ergonomic}
    uintx NonNMethodCodeHeapSize                   = 5839372                                {pd product} {ergonomic}
    uintx NonProfiledCodeHeapSize                  = 122909434                              {pd product} {ergonomic}
    uintx ProfiledCodeHeapSize                     = 122909434                              {pd product} {ergonomic}
    uintx ReservedCodeCacheSize                    = 251658240                              {pd product} {ergonomic}
     bool SegmentedCodeCache                       = true                                      {product} {ergonomic}
   size_t SoftMaxHeapSize                          = 1589641216                             {manageable} {ergonomic}
     bool UseCompressedOops                        = true                           {product lp64_product} {ergonomic}
     bool UseG1GC                                  = true                                      {product} {ergonomic}
     bool UseLargePagesIndividualAllocation        = false                                  {pd product} {ergonomic}

Logging:
Log output configuration:
 #0: stdout all=warning uptime,level,tags foldmultilines=false
 #1: stderr all=off uptime,level,tags foldmultilines=false

Environment Variables:
PATH=C:\Program Files\Common Files\Oracle\Java\javapath;C:\Program Files\Microsoft\jdk-11.0.16.101-hotspot\bin;C:\WINDOWS\system32;C:\WINDOWS;C:\WINDOWS\System32\Wbem;C:\WINDOWS\System32\WindowsPowerShell\v1.0\;C:\WINDOWS\System32\OpenSSH\;C:\Program Files\Microsoft SQL Server\Client SDK\ODBC\170\Tools\Binn\;C:\Program Files\Microsoft SQL Server\150\Tools\Binn\;C:\WINDOWS\system32;C:\WINDOWS;C:\WINDOWS\System32\Wbem;C:\WINDOWS\System32\WindowsPowerShell\v1.0\;C:\WINDOWS\System32\OpenSSH\;C:\Program Files\dotnet\;C:\Program Files\nodejs\;C:\Program Files (x86)\Microsoft SQL Server\150\DTS\Binn\;C:\Program Files\Microsoft SQL Server\150\DTS\Binn\;C:\Program Files (x86)\Microsoft SQL Server\150\Tools\Binn\;C:\Program Files (x86)\Microsoft SQL Server\160\DTS\Binn\;C:\Program Files\Azure Data Studio\bin;C:\Program Files\PowerShell\7\;C:\Program Files\Git\cmd;C:\Users\yuval\AppData\Local\Programs\Python\Python310\Scripts\;C:\Users\yuval\AppData\Local\Programs\Python\Python310\;C:\Users\yuval\AppData\Local\Microsoft\WindowsApps;;C:\Users\yuval\AppData\Local\Programs\Microsoft VS Code\bin;C:\Users\yuval\.dotnet\tools;C:\Users\yuval\AppData\Roaming\npm;C:\Program Files\Azure Data Studio\bin;C:\Program Files\JetBrains\PyCharm Community Edition 2023.2.5\bin;;C:\Program Files\JetBrains\IntelliJ IDEA 2023.3.4\bin;;C:\Program Files\JetBrains\IntelliJ IDEA Community Edition 2024.3\bin;
USERNAME=yuval
OS=Windows_NT
PROCESSOR_IDENTIFIER=AMD64 Family 23 Model 24 Stepping 1, AuthenticAMD
TMP=C:\Users\yuval\AppData\Local\Temp
TEMP=C:\Users\yuval\AppData\Local\Temp




Periodic native trim disabled

JNI global refs:
JNI global refs: 0, weak refs: 0

JNI global refs memory usage: 0, weak refs: 0

Process memory usage:
Resident Set Size: 12056K (0% of 6206224K total physical memory with 539968K free physical memory)

OOME stack traces (most recent first):
Classloader memory used:

---------------  S Y S T E M  ---------------

OS:
 Windows 11 , 64 bit Build 26100 (10.0.26100.2454)
OS uptime: 3 days 23:01 hours

CPU: total 8 (initial active 8) (8 cores per cpu, 2 threads per core) family 23 model 24 stepping 1 microcode 0x8108109, cx8, cmov, fxsr, ht, mmx, 3dnowpref, sse, sse2, sse3, ssse3, sse4a, sse4.1, sse4.2, popcnt, lzcnt, tsc, tscinvbit, avx, avx2, aes, clmul, bmi1, bmi2, adx, sha, fma, vzeroupper, clflush, clflushopt, rdtscp, f16c
Processor Information for all 8 processors :
  Max Mhz: 2100, Current Mhz: 2100, Mhz Limit: 2100

Memory: 4k page, system-wide physical 6060M (527M free)
TotalPageFile size 24492M (AvailPageFile size 85M)
current process WorkingSet (physical memory assigned to process): 11M, peak: 11M
current process commit charge ("private bytes"): 60M, peak: 156M

vm_info: OpenJDK 64-Bit Server VM (21.0.3+-12282718-b509.11) for windows-amd64 JRE (21.0.3+-12282718-b509.11), built on 2024-08-27T17:34:15Z by "builder" with MS VC++ 16.10 / 16.11 (VS2019)

END.
